2025-03-30 08:15:35,514 - INFO - Программа начала выполнение
2025-03-30 08:15:35,518 - INFO - 1. РГСУ
2025-03-30 08:25:49,990 - INFO - 2. НИУ ВШЭ - Нижний Новгород
2025-03-30 08:28:51,329 - INFO - 3. РОСБИОТЕХ
2025-03-30 08:35:28,682 - INFO - 4. ТПУ
2025-03-30 08:46:59,785 - INFO - 5. Московский Политех
2025-03-30 08:59:21,025 - INFO - 6. ИДК
2025-03-30 09:01:27,409 - INFO - 7. РУДН Им. Патриса Лумумбы
2025-03-30 09:30:00,695 - INFO - 8. ИМЭС
2025-03-30 09:31:42,354 - INFO - 9. РосНОУ
2025-03-30 09:37:49,393 - INFO - 10. Университет "Синергия"
2025-03-30 09:50:20,883 - INFO - 11. СПбГУП
2025-03-30 09:55:51,061 - INFO - 12. СФУ
2025-03-30 10:21:35,335 - INFO - 13. МИИГАиК
2025-03-30 10:26:02,010 - INFO - 14. ММУ
2025-03-30 10:29:07,220 - INFO - 15. УГНТУ
2025-03-30 10:51:15,662 - INFO - 16. МБИ имени Анатолия Собчака
2025-03-30 10:53:03,911 - INFO - 17. МФЮА
2025-03-30 10:56:36,801 - INFO - 18. СахГУ
2025-03-30 11:02:37,188 - INFO - 19. МГТУ им. Н.Э. Баумана
2025-03-30 11:29:46,795 - INFO - 20. РАНХиГС
2025-03-30 11:54:00,421 - INFO - 21. НИТУ МИСИС
2025-03-30 12:11:40,792 - INFO - 22. ГУП
2025-03-30 12:22:43,967 - INFO - 23. СПбГЭУ
2025-03-30 12:31:43,101 - INFO - 24. Княгининский университет
2025-03-30 12:35:39,987 - INFO - 25. УдГУ
2025-03-30 12:52:09,966 - INFO - 26. ИРНИТУ
2025-03-30 13:05:24,374 - INFO - 27. НИУ ВШЭ — Санкт-Петербург
2025-03-30 13:10:13,533 - INFO - 28. РАНХиГС Санкт-Петербург
2025-03-30 13:15:19,182 - INFO - 29. Филиал РУК в Уфе
2025-03-30 13:16:00,791 - INFO - 30. СевГУ
2025-03-30 13:31:59,771 - INFO - 31. МГТУ-МАСИ
2025-03-30 13:37:11,262 - INFO - 32. Реавиз в Москве
2025-03-30 13:37:29,414 - INFO - 33. ИОМ РАНХиГС
2025-03-30 13:39:32,131 - INFO - 34. МГУ
2025-03-30 13:45:20,296 - ERROR - https://vuzopedia.ru/vuz/1/programs/bakispec/246 - list index out of range
2025-03-30 14:31:51,264 - INFO - 35. МГАХИ
2025-03-30 14:32:28,537 - INFO - 36. РАМ имени Гнесиных
2025-03-30 14:38:58,179 - INFO - 37. РГХПУ им. С.Г. Строганова
2025-03-30 14:42:59,571 - INFO - 38. РНИМУ им. Н.И. Пирогова
2025-03-30 14:45:36,188 - INFO - 39. МАРХИ
2025-03-30 14:46:00,337 - INFO - 40. РГУНиГ им. И.М. Губкина
2025-03-30 14:57:23,605 - INFO - 41. МГАХ
2025-03-30 14:57:47,340 - INFO - 42. РМАТ
2025-03-30 14:59:05,740 - INFO - 43. РХТУ
2025-03-30 15:08:03,310 - INFO - 44. ГИТР
2025-03-30 15:09:15,582 - INFO - 45. РГГУ
2025-03-30 15:32:18,370 - INFO - 46. МТУСИ
2025-03-30 15:35:45,265 - INFO - 47. МГЛУ
2025-03-30 15:41:11,999 - INFO - 48. ГЦОЛИФК
2025-03-30 15:47:31,769 - INFO - 49. МГИМ им. А.Г. Шнитке
2025-03-30 15:50:30,328 - INFO - 50. ВАВТ Минэкономразвития России
2025-03-30 15:54:02,270 - INFO - 51. МГПУ
2025-03-30 16:04:51,146 - INFO - 52. МГППУ
2025-03-30 16:10:09,464 - INFO - 53. ГИТИС
2025-03-30 16:11:55,428 - INFO - 54. МАИ
2025-03-30 16:30:56,839 - INFO - 55. МГТУ "СТАНКИН"
2025-03-30 16:36:40,149 - INFO - 56. МГАВМиБ им. К.И. Скрябина
2025-03-30 16:38:33,368 - INFO - 57. ГУЗ
2025-03-30 16:42:26,003 - INFO - 58. РУМ
2025-03-30 16:43:33,675 - INFO - 59. НИУ МГСУ
2025-03-30 16:50:38,840 - INFO - 60. НИУ ВШЭ
2025-03-30 17:12:53,053 - INFO - 61. МГУСиТ
2025-03-30 17:14:57,066 - INFO - 62. РПА Минюста России
2025-03-30 17:16:40,662 - INFO - 63. МГУТУ им. К.Г. Разумовского
2025-03-30 17:56:39,055 - INFO - Программа начала выполнение
2025-03-30 17:56:39,376 - INFO - 63. МГУТУ им. К.Г. Разумовского
2025-03-30 18:02:21,428 - INFO - 64. НИУ МЭИ
2025-03-30 18:20:12,522 - INFO - 65. РГСАИ
2025-03-30 18:21:43,955 - INFO - 66. РУТ (МИИТ)
2025-03-30 18:39:08,956 - INFO - 67. РЭУ им. Г. В. Плеханова
2025-03-30 18:56:57,151 - INFO - 68. РГАУ-МСХА им. Тимирязева
2025-03-30 19:08:11,440 - INFO - 69. ВГИК
2025-03-30 19:10:18,433 - INFO - 70. МГЮА
2025-03-30 19:14:11,356 - INFO - 71. Финансовый университет
2025-03-30 19:27:03,902 - INFO - 72. ГАУГН
2025-03-30 19:29:15,913 - INFO - Программа начала выполнение
2025-03-30 19:29:16,283 - INFO - 72. ГАУГН
2025-03-30 19:33:54,890 - INFO - 73. РГУ им. А.Н. Косыгина
2025-03-30 19:47:50,805 - INFO - 74. МФТИ
2025-03-30 19:54:01,316 - INFO - 75. МосГУ
2025-03-30 19:59:01,178 - INFO - 76. МГУЛ
2025-03-30 20:05:17,953 - INFO - 77. Дипакадемия МИД РФ
2025-03-30 20:06:42,590 - INFO - 78. ГМПИ им М.М. Ипполитова-Иванова
2025-03-30 20:07:48,621 - INFO - 79. МСПИ
2025-03-30 20:10:01,059 - INFO - 80. НИЯУ МИФИ
2025-03-30 20:25:33,349 - INFO - 81. МГАФК
2025-03-30 20:28:46,458 - INFO - 82. АТиСО
2025-03-30 20:32:20,050 - INFO - 83. МАДИ
2025-03-30 20:39:39,788 - INFO - 84. РТУ МИРЭА
2025-03-30 20:55:08,030 - INFO - 85. ГГУ
2025-03-30 20:58:08,616 - INFO - 86. МГТУ ГА
2025-03-30 20:59:58,268 - INFO - 87. Университет Правительства Москвы
2025-03-30 21:02:18,704 - INFO - 88. МИП
2025-03-30 21:07:55,850 - INFO - 89. РУК
2025-03-30 21:10:14,783 - INFO - 90. МЭИ
2025-03-30 21:12:09,848 - INFO - 91. ИСОиИТ
2025-03-30 21:14:17,657 - INFO - 92. Первый МГМУ им. И.М. Сеченова
2025-03-30 21:18:36,621 - INFO - 93. ИМПЭ им. А.С. Грибоедова
2025-03-30 21:21:38,264 - INFO - 94. ИГА
2025-03-30 21:24:44,161 - INFO - 95. УМЦ
2025-03-30 21:27:39,456 - INFO - 96. Гуманитарный институт имени П.А. Столыпина
2025-03-30 21:27:40,955 - INFO - 97. МИИ
2025-03-30 21:27:52,575 - INFO - 98. НИБ
2025-03-30 21:29:12,745 - INFO - 99. ИГУМО
2025-03-30 21:30:01,408 - INFO - 100. МГЭУ
2025-03-30 21:32:26,242 - INFO - 101. МЮИ
2025-03-30 21:32:56,562 - INFO - 102. МРСЭИ
2025-03-30 21:33:45,054 - INFO - 103. ИСИ
2025-03-30 21:36:51,871 - INFO - 104. СПбУТУиЭ
2025-03-30 21:41:11,558 - INFO - 105. БГТУ ВОЕНМЕХ
2025-03-30 21:49:31,372 - INFO - 106. Горный университет
2025-03-30 22:00:00,008 - INFO - 107. ГУМРФ имени адмирала С.О. Макарова
2025-03-30 22:03:25,793 - INFO - 108. САФУ
2025-03-30 22:17:12,266 - INFO - 109. СПбГАУ
2025-03-30 22:21:44,165 - INFO - 110. СПбГУВМ
2025-03-30 22:22:26,515 - INFO - 111. СПбГАСУ
2025-03-30 22:29:58,082 - INFO - 112. ЛГУ им. Пушкина
2025-03-30 22:38:05,973 - INFO - 113. РГУ СоцТех
2025-03-30 22:39:30,141 - INFO - 114. РГПУ
2025-03-30 22:58:33,614 - INFO - 115. Технологический университет им. А.А. Леонова
2025-03-30 23:02:17,234 - INFO - 116. СПбГИК
2025-03-30 23:07:00,449 - INFO - 117. Институт B&D
2025-03-30 23:09:07,205 - INFO - 118. СПбГЛТУ
2025-03-30 23:12:13,903 - INFO - 119. СПбГЭТУ «ЛЭТИ»
2025-03-30 23:22:27,020 - INFO - 120. СПбГУ
2025-03-30 23:55:12,813 - INFO - 121. ВШНИ
2025-03-30 23:56:13,198 - INFO - 122. СПХФУ
2025-03-30 23:58:31,760 - INFO - 123. СПбПУ
2025-03-31 00:31:55,532 - INFO - 124. СЗГМУ им. И.И. Мечникова
2025-03-31 00:32:50,162 - INFO - 125. СПбГУТ
2025-03-31 00:38:03,119 - INFO - 126. ПСПбГМУ им. Павлова
2025-03-31 00:39:15,965 - INFO - 127. ГУАП
2025-03-31 00:50:32,297 - INFO - 128. СПбГИПС
2025-03-31 00:51:38,837 - INFO - 129. СПбГУГА
2025-03-31 00:54:15,685 - INFO - 130. СПбГУПТД
2025-03-31 01:11:36,756 - INFO - 131. СПбГТИ
2025-03-31 01:20:44,616 - INFO - 132. СПбГМТУ
2025-03-31 01:24:09,222 - ERROR - https://vuzopedia.ru/vuz/1401/programs/bakispec/1703 - статус код: 404
2025-03-31 01:31:22,774 - INFO - 133. Университет при МПА ЕврАзЭС
2025-03-31 01:35:05,223 - INFO - 134. СПбИЭУ
2025-03-31 01:35:59,557 - INFO - 135. ПГУПС
2025-03-31 01:42:48,447 - INFO - 136. СПбГПМУ
2025-03-31 01:43:54,608 - INFO - 137. НГУ им. П. Ф. Лесгафта
2025-03-31 01:46:18,621 - INFO - 138. Академия Достоевского (РХГА)
2025-03-31 01:48:07,240 - INFO - 139. РГГМУ
2025-03-31 01:53:02,819 - INFO - 140. СЗУ
2025-03-31 01:55:21,484 - INFO - 141. РГИСИ
2025-03-31 01:57:28,062 - INFO - 142. СИБУПК
2025-03-31 02:00:04,223 - INFO - 143. СибГУТИ
2025-03-31 02:03:16,834 - INFO - 144. НГК им. Глинки
2025-03-31 02:06:16,945 - INFO - 145. НГУ
2025-03-31 02:27:19,199 - INFO - 146. НГПУ
2025-03-31 02:39:45,810 - INFO - 147. СГУПС
2025-03-31 02:45:40,509 - INFO - 148. СГУГиТ
2025-03-31 02:48:59,343 - INFO - 149. НГАУ
2025-03-31 02:55:06,309 - INFO - 150. ГГТУ
2025-03-31 02:58:42,734 - INFO - 151. НГУЭУ
2025-03-31 03:03:07,185 - INFO - 152. НГАСУ (Сибстрин)
2025-03-31 03:07:08,070 - INFO - 153. НГМУ
2025-03-31 03:07:44,383 - INFO - 154. КГМУ
2025-03-31 03:09:02,789 - INFO - 155. КФУ
2025-03-31 03:46:57,515 - INFO - 157. КНИТУ
2025-03-31 04:01:05,009 - INFO - 158. Поволжский ГУФКСиТ
2025-03-31 04:03:41,542 - INFO - 159. Казанский ГАУ
2025-03-31 04:06:48,633 - INFO - 160. КИУ им. В.Г. Тимирясова (ИЭУП)
2025-03-31 04:12:31,703 - INFO - 161. КГК им. Жиганова
2025-03-31 04:15:44,676 - INFO - 162. КГАСУ
2025-03-31 04:20:23,408 - INFO - 163. КГАВМ
2025-03-31 04:21:11,686 - INFO - 164. КИФЭИ
2025-03-31 04:21:42,126 - INFO - 165. УрФУ
2025-03-31 04:55:59,314 - INFO - 166. УГМУ
2025-03-31 04:57:47,793 - INFO - 167. УГК
2025-03-31 05:00:24,434 - INFO - 168. РГППУ
2025-03-31 05:05:28,621 - INFO - 169. УрГЭУ
2025-03-31 05:11:35,526 - INFO - 170. ЕГТИ
2025-03-31 05:12:12,175 - INFO - 171. УрГЮУ имени В.Ф. Яковлева
2025-03-31 05:14:55,364 - INFO - 172. УрГАХУ
2025-03-31 05:17:44,333 - INFO - 173. УрГПУ
2025-03-31 05:23:33,935 - INFO - 174. УГЛТУ
2025-03-31 05:27:58,756 - INFO - 175. УрГАУ
2025-03-31 05:31:41,823 - INFO - 176. УГГУ
2025-03-31 05:39:53,151 - INFO - 177. ННГАСУ
2025-03-31 05:46:06,491 - INFO - 178. НГЛУ
2025-03-31 05:51:07,468 - INFO - 179. НА МВД РФ
2025-03-31 05:51:38,093 - INFO - 180. РГАИС
2025-03-31 05:53:27,046 - INFO - 181. МосАП
2025-03-31 05:56:09,766 - INFO - 182. ННГУ им. Лобачевского
2025-03-31 06:17:07,955 - INFO - 183. НГТУ им. Алексеева
2025-03-31 06:29:10,855 - INFO - 184. НГАТУ
2025-03-31 06:33:10,708 - INFO - 185. ВГУВТ
2025-03-31 06:35:29,669 - INFO - 186. Мининский университет
2025-03-31 06:44:16,731 - INFO - 187. Гос. ИРЯ им. Пушкина
2025-03-31 06:45:29,594 - INFO - 188. МПСУ
2025-03-31 06:47:14,081 - INFO - 189. ЮУрГУ
2025-03-31 07:07:11,940 - INFO - 190. МГТУ им. Носова
2025-03-31 07:21:08,378 - INFO - 191. ЧелГУ
2025-03-31 07:35:07,373 - INFO - 192. ЧГИК
2025-03-31 07:39:57,477 - INFO - 193. Южно-Уральский ГАУ
2025-03-31 07:42:46,664 - INFO - 194. УралГУФК
2025-03-31 07:47:12,016 - INFO - 195. ЮУТУ
2025-03-31 07:49:43,467 - INFO - 196. ОмГТУ
2025-03-31 08:02:58,017 - INFO - 197. ОмГМУ
2025-03-31 08:04:37,482 - INFO - 198. ОмГУПС
2025-03-31 08:14:19,438 - INFO - 199. ОмГПУ
2025-03-31 08:26:43,225 - INFO - 200. СибАДИ
2025-03-31 08:31:27,633 - INFO - 201. ОмГУ
2025-03-31 08:38:51,710 - INFO - 202. ОмГАУ
2025-03-31 08:43:59,675 - INFO - 203. СИБИТ
2025-03-31 08:45:42,965 - INFO - 204. МИДиС
2025-03-31 08:47:14,813 - INFO - 205. Самарский университет
2025-03-31 09:04:37,694 - INFO - 206. СГИК
2025-03-31 09:07:57,659 - INFO - 207. СамГМУ
2025-03-31 09:09:05,097 - INFO - 208. ПГУТИ
2025-03-31 09:11:00,891 - INFO - 209. Самарский ГАУ
2025-03-31 09:14:44,696 - INFO - 210. СамГТУ
2025-03-31 09:30:19,776 - INFO - 211. Университет "МИР"
2025-03-31 09:31:49,271 - INFO - 212. ЮФУ
2025-03-31 09:58:41,823 - INFO - 213. ПВГУС
2025-03-31 10:01:49,924 - INFO - 214. СГЭУ
2025-03-31 10:06:52,862 - INFO - 215. ДГАУ
2025-03-31 10:09:46,078 - INFO - 216. ЮРГПУ
2025-03-31 10:21:01,147 - INFO - 217. РостГМУ
2025-03-31 10:21:51,484 - INFO - 218. РГК
2025-03-31 10:26:17,256 - INFO - 219. РГЭУ (РИНХ)
2025-03-31 10:38:40,929 - INFO - 220. РИЗП
2025-03-31 10:39:54,425 - INFO - 221. РГУПС
2025-03-31 10:44:33,059 - INFO - 222. ТИУиЭ
2025-03-31 10:46:04,845 - INFO - 223. БГПУ им. М. Акмуллы
2025-03-31 10:55:29,987 - INFO - 224. КГПУ
2025-03-31 11:02:02,165 - INFO - 225. СГИИ имени Д. Хворостовского
2025-03-31 11:06:10,055 - INFO - 226. КрасГМУ
2025-03-31 11:07:36,188 - INFO - 227. БГАУ
2025-03-31 11:13:56,391 - INFO - 228. ПГМУ им. академика Е.А. Вагнера
2025-03-31 11:14:33,719 - INFO - 229. ПГГПУ
2025-03-31 11:20:13,561 - INFO - 230. КрасГАУ
2025-03-31 11:25:39,669 - INFO - 231. КГИК
2025-03-31 11:29:37,902 - INFO - 232. КубГМУ
2025-03-31 11:30:10,362 - INFO - 233. КубГАУ
2025-03-31 11:37:55,807 - INFO - 234. СГМУ
2025-03-31 11:39:39,532 - INFO - 235. БГМУ
2025-03-31 11:41:54,575 - INFO - 236. Академия ВЭГУ
2025-03-31 11:43:20,329 - INFO - 237. КубГУ
2025-03-31 12:05:11,610 - INFO - 238. СГУ
2025-03-31 12:09:38,451 - INFO - 239. ГМУ им. адм. Ф.Ф. Ушакова
2025-03-31 12:12:10,344 - INFO - 240. КГУФКСТ
2025-03-31 12:14:18,559 - INFO - 241. КубГТУ
2025-03-31 12:27:16,574 - INFO - 242. АГПУ
2025-03-31 12:32:43,707 - INFO - 243. ПГНИУ
2025-03-31 12:45:40,770 - INFO - 244. ИГМА
2025-03-31 12:46:00,584 - INFO - 245. ПНИПУ
2025-03-31 13:04:19,358 - INFO - 246. ИжГТУ имени М. Т. Калашникова
2025-03-31 13:13:19,243 - INFO - 247. УдГАУ
2025-03-31 13:17:03,581 - INFO - 248. ВГПУ
2025-03-31 13:23:55,300 - INFO - 249. ВГМУ им. Бурденко
2025-03-31 13:24:39,672 - INFO - 250. ВГУ
2025-03-31 13:42:42,677 - INFO - 251. ВГТУ
2025-03-31 13:55:45,136 - INFO - 252. ВГУИТ
2025-03-31 14:02:37,339 - INFO - 253. ВГИИ
2025-03-31 14:04:15,776 - INFO - 254. ВГАУ
2025-03-31 14:09:12,343 - INFO - 255. ВГЛТУ
2025-03-31 14:14:03,746 - INFO - 256. ВЭПИ
2025-03-31 14:15:29,764 - INFO - 257. МИКТ
2025-03-31 14:16:32,605 - INFO - 258. ВИЭСУ
2025-03-31 14:17:10,898 - INFO - 259. ВолгГТУ
2025-03-31 14:28:00,150 - INFO - 260. ВолГУ
2025-03-31 14:37:03,462 - INFO - 261. ВГСПУ
2025-03-31 14:44:56,190 - INFO - 262. ВолгГМУ
2025-03-31 14:46:23,217 - INFO - 263. ВолГАУ
2025-03-31 14:53:52,042 - INFO - 264. ВК им. Серебрякова
2025-03-31 14:56:59,415 - INFO - 265. СКГ им. Л.В.Собинова
2025-03-31 14:59:38,762 - INFO - 266. Саратовский ГМУ им. В. И. Разумовского
2025-03-31 15:00:52,882 - INFO - 267. СГТУ
2025-03-31 15:13:06,549 - INFO - 268. Вавиловский университет
2025-03-31 15:21:01,643 - INFO - 269. ТюмГУ
2025-03-31 15:29:56,885 - INFO - 270. ИГУ
2025-03-31 15:47:43,213 - INFO - 271. Тюменский ГМУ
2025-03-31 15:48:58,088 - INFO - 272. Иркутский ГАУ
2025-03-31 15:52:42,985 - INFO - 273. БрГУ
2025-03-31 15:57:49,239 - INFO - 274. ТГИК
2025-03-31 16:00:12,743 - INFO - 275. ТИУ
2025-03-31 16:12:19,398 - INFO - 276. АлтГУ
2025-03-31 16:27:59,602 - INFO - 277. ГАУ
2025-03-31 16:31:28,464 - INFO - 278. АГИК
2025-03-31 16:34:49,365 - INFO - 279. АГГПУ им. Шукшина
2025-03-31 16:39:37,111 - INFO - 280. АлтГПУ
2025-03-31 16:45:48,988 - INFO - 281. АГАУ
2025-03-31 16:49:18,445 - INFO - 282. БГУ
2025-03-31 16:55:58,275 - INFO - 283. ИГМУ
2025-03-31 16:57:23,220 - INFO - 284. АнГТУ
2025-03-31 16:59:37,001 - INFO - 285. ДВГМУ
2025-03-31 17:00:29,186 - INFO - 286. ДВГАФК
2025-03-31 17:02:51,872 - INFO - 287. ХГИК
2025-03-31 17:06:14,292 - INFO - 288. АлтГТУ
2025-03-31 17:12:56,396 - INFO - 289. ДВФУ
2025-03-31 17:34:59,727 - INFO - 290. ЯГМУ
2025-03-31 17:36:09,768 - INFO - 291. ЯрГУ
2025-03-31 17:43:27,944 - INFO - 292. ЯГПУ
2025-03-31 17:51:03,467 - INFO - 293. Дальрыбвтуз
2025-03-31 17:54:12,765 - INFO - 294. ВВГУ
2025-03-31 18:01:31,857 - INFO - 295. МГУ им. адм. Г.И. Невельского
2025-03-31 18:04:29,820 - INFO - 296. ТГМУ
2025-03-31 18:05:44,656 - INFO - 297. ПримГАТУ
2025-03-31 18:07:53,653 - INFO - 298. ДВИК
2025-03-31 18:08:08,647 - INFO - 299. ДВГИИ
2025-03-31 18:10:58,404 - INFO - 300. ЯГТУ
2025-03-31 18:16:08,610 - INFO - 301. РГАТУ им. Соловьева
2025-03-31 18:19:14,025 - INFO - 302. ЯрГАУ
2025-03-31 18:20:50,522 - INFO - 303. ДГПУ
2025-03-31 18:29:15,640 - INFO - 304. ДГМУ
2025-03-31 18:29:48,762 - INFO - 305. ДГУНХ
2025-03-31 18:32:24,346 - INFO - 306. ДГУ
2025-03-31 18:33:02,966 - ERROR - https://vuzopedia.ru/vuz/3417/programs/bakispec/119 - ('Connection broken: IncompleteRead(5319 bytes read, 4921 more expected)', IncompleteRead(5319 bytes read, 4921 more expected))
2025-03-31 18:48:15,423 - INFO - 307. ДГСХА им. Джамбулатова
2025-03-31 18:53:11,623 - INFO - 308. СибГМУ
2025-03-31 18:54:52,114 - INFO - 309. ТУСУР
2025-03-31 19:03:39,412 - INFO - 310. ТГУ
2025-03-31 19:25:48,122 - INFO - 311. ТГПУ
2025-03-31 19:31:37,982 - INFO - 312. ТГАСУ
2025-03-31 19:36:56,687 - INFO - 313. ОГУ
2025-03-31 19:49:20,663 - INFO - 314. РГУ
2025-03-31 19:57:07,324 - INFO - 315. РГАТУ
2025-03-31 20:00:00,116 - INFO - 316. РязГМУ
2025-03-31 20:00:51,277 - INFO - 317. КемГУ
2025-03-31 20:13:04,595 - INFO - 318. ОГАУ
2025-03-31 20:16:01,929 - INFO - 319. ОГПУ
2025-03-31 20:21:23,963 - INFO - 320. РГРТУ
2025-03-31 20:28:41,730 - INFO - 321. КузГТУ им. Горбачева
2025-03-31 20:35:19,390 - INFO - 322. КГСХА
2025-03-31 20:37:23,288 - INFO - 323. КемГМУ
2025-03-31 20:38:20,147 - INFO - 324. КемГИК
2025-03-31 20:43:35,250 - INFO - 325. АГТУ
2025-03-31 20:51:33,547 - INFO - 326. ВятГУ
2025-03-31 21:06:23,678 - INFO - 327. АГАСУ
2025-03-31 21:08:39,141 - INFO - 328. АГК
2025-03-31 21:11:30,481 - INFO - 329. АГУ
2025-03-31 21:25:17,453 - INFO - 330. Астраханский ГМУ
2025-03-31 21:26:02,741 - INFO - 332. ПГУ
2025-03-31 21:42:32,508 - INFO - 333. Вятский ГАТУ
2025-03-31 21:46:42,397 - INFO - 334. ПГАУ
2025-03-31 21:49:40,060 - INFO - 335. БФУ им. Канта
2025-03-31 22:01:20,684 - INFO - 336. КГТУ
2025-03-31 22:07:20,115 - INFO - 338. СтГМУ
2025-03-31 22:36:58,615 - INFO - Программа начала выполнение
2025-03-31 22:41:23,942 - INFO - Программа начала выполнение
2025-03-31 22:41:25,343 - INFO - 338. СтГМУ
2025-03-31 22:42:46,812 - INFO - 339. СГПИ
2025-03-31 22:45:20,243 - INFO - 340. СКФУ
2025-03-31 23:04:12,778 - INFO - 341. СтГАУ
2025-03-31 23:12:10,530 - INFO - 342. БГИИК
2025-03-31 23:16:20,093 - INFO - 343. СмолГУ
2025-03-31 23:21:23,544 - INFO - 344. ПензГТУ
2025-03-31 23:27:27,457 - INFO - 345. Смоленская ГСХА
2025-03-31 23:29:36,723 - INFO - 346. БГТУ им. В.Г. Шухова
2025-03-31 23:43:30,666 - INFO - 347. БУКЭП
2025-03-31 23:47:52,262 - INFO - 348. СГМУ Минздрава России
2025-03-31 23:48:31,415 - INFO - 349. СГУС
2025-03-31 23:50:04,964 - INFO - 350. Оренбургский филиал РГУНГ им. Губкина
2025-03-31 23:50:43,994 - INFO - 351. ЕТИ филиал МГТУ "Станкин"
2025-03-31 23:51:35,495 - INFO - 352. Брянский филиал РЭУ им Г.В. Плеханова
2025-03-31 23:52:38,240 - INFO - 353. Волгоградский филиал РЭУ им. Г.В. Плеханова
2025-03-31 23:53:29,248 - INFO - 354. Воронежский филиал РЭУ им. Г.В. Плеханова
2025-03-31 23:54:56,553 - INFO - 355. Ивановский филиал РЭУ им. Г.В. Плеханова
2025-03-31 23:56:00,166 - INFO - 356. Краснодарский филиал РЭУ им. Г.В. Плеханова
2025-03-31 23:57:09,049 - INFO - 357. Филиал РПА в Хабаровске
2025-03-31 23:58:06,972 - INFO - 358. Филиал РПА в Ижевске
2025-03-31 23:59:03,866 - INFO - 359. Иркутский филиал РПА
2025-04-01 00:00:06,816 - INFO - 360. Казанский филиал ВГУЮ
2025-04-01 00:01:09,647 - INFO - 361. Филиал РПА в Калуге
2025-04-01 00:02:06,785 - INFO - 362. Филиал РПА в Саратове
2025-04-01 00:02:52,237 - INFO - 363. Ростовский институт (филиал) ВГУЮ (РПА Минюста России)
2025-04-01 00:04:07,599 - INFO - 364. Факультет РПА в Санкт-Петербурге
2025-04-01 00:05:16,896 - INFO - 365. Филиал РПА в Петрозаводске
2025-04-01 00:05:56,220 - INFO - 366. Филиал РПА в Махачкале
2025-04-01 00:06:29,697 - INFO - 367. Филиал РПА в Саранске
2025-04-01 00:07:45,776 - INFO - 368. Филиал РПА в Туле
2025-04-01 00:08:44,174 - INFO - 369. Волжский филиал НИУ МЭИ
2025-04-01 00:09:36,185 - INFO - 370. Выксунский филиал НИТУ "МИСИС"
2025-04-01 00:10:15,076 - INFO - 371. СТИ НИТУ «МИСИС»
2025-04-01 00:12:12,844 - INFO - 372. Оренбургский филиал РЭУ им. Г.В. Плеханова
2025-04-01 00:13:09,706 - INFO - 373. Филиал РЭУ им. Г.В. Плеханова в Перми
2025-04-01 00:14:30,590 - INFO - 374. Пятигорский филиал РЭУ им. Г.В. Плеханова
2025-04-01 00:15:21,550 - INFO - 375. Уральский филиал РАЖВиЗ Ильи Глазунова
2025-04-01 00:15:54,799 - INFO - 376. Севастопольский филиал  РЭУ им. Г.В. Плеханова
2025-04-01 00:16:45,969 - INFO - 377. СФ РЭУ им. Г.В. Плеханова
2025-04-01 00:17:38,079 - INFO - 378. Тульский филиал  РЭУ им. Г.В. Плеханова
2025-04-01 00:18:59,285 - INFO - 379. Филиал МИИТ в Воронеже
2025-04-01 00:20:15,969 - INFO - 380. Алтайский филиал ФУ при Правительстве РФ
2025-04-01 00:21:12,805 - INFO - 381. Владикавказский филиал ФУ при Правительстве РФ
2025-04-01 00:22:27,624 - INFO - 382. Владимирский филиал ФУ при Правительстве РФ
2025-04-01 00:23:13,020 - INFO - 383. Калужский филиал ФУ при Правительстве РФ
2025-04-01 00:23:51,876 - INFO - 384. Краснодарский филиал Финуниверситета при Правительстве РФ
2025-04-01 00:24:48,986 - INFO - 385. Курский филиал Финуниверситета
2025-04-01 00:25:33,790 - INFO - 386. Липецкий филиал Финуниверситета
2025-04-01 00:26:42,970 - INFO - 387. Новороссийский филиал Финуниверситета
2025-04-01 00:27:58,167 - INFO - 388. Омский филиал ФУ при Правительстве РФ
2025-04-01 00:28:49,393 - INFO - 389. Пензенский филиал ФУ при Правительстве РФ
2025-04-01 00:29:28,242 - INFO - 390. Смоленский филиал ФУ при Правительстве РФ
2025-04-01 00:30:49,344 - INFO - 391. Тульский филиал Финуниверситета
2025-04-01 00:31:46,185 - INFO - 392. Уфимский филиал ФУ при Правительстве РФ
2025-04-01 00:32:49,453 - INFO - 393. Челябинский филиал ФУ при Правительстве РФ
2025-04-01 00:33:47,232 - INFO - 394. Ярославский филиал  Финуниверситета
2025-04-01 00:35:02,584 - INFO - 395. Филиал РГАУ-МСХА им. Тимирязева в Калуге
2025-04-01 00:36:54,344 - INFO - 396. Тамбовский филиал РосНОУ
2025-04-01 00:37:21,942 - INFO - 397. Лесосибирский педагогический институт СФУ
2025-04-01 00:38:19,514 - INFO - 398. Новомосковский филиал РХТУ им Д.И. Менделеева
2025-04-01 00:39:59,760 - INFO - 399. Филиал РГГУ в г. Домодедово
2025-04-01 00:40:21,139 - INFO - 400. Алтайский филиал РАНХиГС
2025-04-01 00:41:49,030 - INFO - 401. Филиал РАНХиГС в Астрахани
2025-04-01 00:42:22,001 - INFO - 402. Филиал РАНХиГС в Брянске
2025-04-01 00:43:06,965 - INFO - 403. Филиал РАНХиГС во Владимире
2025-04-01 00:45:10,540 - INFO - 404. ВИУ (филиал РАНХиГС)
2025-04-01 00:46:55,866 - INFO - 405. Воронежский филиал РАНХиГС
2025-04-01 00:47:23,419 - INFO - 406. Филиал РАНХиГС в г. Выборг
2025-04-01 00:47:44,280 - INFO - 407. ДВИУ - филиал РАНХиГС
2025-04-01 00:49:23,439 - INFO - 408. Филиал РАНХиГС в Калининграде
2025-04-01 00:50:56,574 - INFO - 409. Ивановский филиал РАНХиГС
2025-04-01 00:51:41,536 - INFO - 410. Филиал РАНХиГС в Калуге
2025-04-01 00:52:14,306 - INFO - 411. Липецкий филиал РАНХиГС
2025-04-01 00:53:23,384 - INFO - 412. Филиал РАНХиГС в Мурманске
2025-04-01 00:53:50,661 - INFO - 413. Нижегородский институт управления – филиал РАНХиГС
2025-04-01 00:55:59,731 - INFO - 414. Среднерусский институт управления - филиал РАНХиГС
2025-04-01 00:58:51,020 - INFO - 415. Филиал РАНХиГС в Перми
2025-04-01 00:59:18,055 - INFO - 416. Филиал МАДИ в Чебоксарах
2025-04-01 01:00:15,205 - INFO - 417. МФ МАДИ
2025-04-01 01:01:12,364 - INFO - 418. CКИ РАНХиГС
2025-04-01 01:02:09,779 - INFO - 419. Филиал МАДИ в г. Лермонтов
2025-04-01 01:02:49,481 - INFO - 420. Сибирский институт управления – филиал РАНХиГС
2025-04-01 01:05:36,009 - INFO - 421. Филиал МГТУГА в Иркутске
2025-04-01 01:06:09,875 - INFO - 422. Филиал МФЮА в Волгограде
2025-04-01 01:08:01,255 - INFO - 423. Филиал РАНХиГС в Смоленске
2025-04-01 01:08:40,690 - INFO - 424. Филиал РАНХиГС в Ставрополе
2025-04-01 01:09:25,496 - INFO - 425. Филиал РАНХиГС в Ульяновске
2025-04-01 01:10:04,745 - INFO - 426. Уральский институт управления – филиал РАНХиГС
2025-04-01 01:11:37,925 - INFO - 427. Филиал РАНХиГС в Чебоксарах
2025-04-01 01:12:05,302 - INFO - 428. Филиал РАНХиГС в Челябинске
2025-04-01 01:13:08,440 - INFO - 429. Южно-Российский институт управления – филиал РАНХиГС
2025-04-01 01:15:59,961 - INFO - 430. Филиал МФЮА в Кирове
2025-04-01 01:17:03,289 - INFO - 431. Филиал МФЮА в Орске
2025-04-01 01:17:36,859 - INFO - 432. Филиал РУК в Арзамасе
2025-04-01 01:18:23,504 - INFO - 433. Филиал РУК во Владимире
2025-04-01 01:19:05,231 - INFO - 434. Филиал РУК в Волгограде
2025-04-01 01:20:14,217 - INFO - 435. Филиал РУК в Ижевске
2025-04-01 01:20:59,118 - INFO - 436. Филиал РУК в Казани
2025-04-01 01:22:56,484 - INFO - 437. Филиал РУК в Калининграде
2025-04-01 01:24:00,101 - INFO - 438. Филиал РУК в Петропавловск-Камчатске
2025-04-01 01:25:17,119 - INFO - 439. Филиал РУК в Краснодаре
2025-04-01 01:27:45,059 - INFO - 440. Филиал РУК в Энгельсе
2025-04-01 01:28:18,659 - INFO - 441. Филиал РУК в Саранске
2025-04-01 01:30:04,538 - INFO - 442. Филиал РУК в Смоленске
2025-04-01 01:30:26,225 - INFO - 443. Филиал РУК в Чебоксарах
2025-04-01 01:32:23,749 - INFO - 444. Нижнетагильский филиал УрФУ
2025-04-01 01:34:21,668 - INFO - 445. Филиал МФЮА в Ярославе
2025-04-01 01:35:31,732 - INFO - 446. Филиал МГЭУ в Волгограде
2025-04-01 01:36:23,592 - INFO - 447. Филиал МГЭИ в Калуге
2025-04-01 01:37:14,729 - INFO - 448. Саяно-Шушенский филиал  СФУ
2025-04-01 01:37:48,154 - INFO - 449. ХТИ СФУ
2025-04-01 01:38:39,432 - INFO - 450. ДИНО
2025-04-01 01:40:01,894 - INFO - 451. Филиал МГЭУ в Нижнем Новогороде
2025-04-01 01:40:41,182 - INFO - 452. Филиал МГЭУ в Нижнекамске
2025-04-01 01:41:02,293 - INFO - 453. Филиал МГЭИ в Новороссийске
2025-04-01 01:42:06,306 - INFO - 454. Филиал МГЭИ в Минеральных Водах
2025-04-01 01:43:16,057 - INFO - 455. Филиал ОмГПУ  в г. Тара
2025-04-01 01:44:37,846 - INFO - 456. Филиал СамГУПС в Оренбурге
2025-04-01 01:45:47,130 - INFO - 457. МОКИТУ (филиал) МГУТУ им. К .Г. Разумовского
2025-04-01 01:46:15,119 - INFO - 458. СКИПТБ
2025-04-01 01:46:48,252 - INFO - 459. ЛКИТиУ (филиал МГУТУ им. К.Г. Разумовского)
2025-04-01 01:47:09,646 - INFO - 460. СОФ МГРИ-РГГРУ
2025-04-01 01:48:01,401 - INFO - 461. НТИ (филиал) РГУ им. А.Н. Косыгина
2025-04-01 01:49:16,789 - INFO - 462. Филиал СГПИ в  г. Железноводск
2025-04-01 01:50:02,405 - INFO - 463. Филиал СГПИ в г. Ессентуки
2025-04-01 01:51:18,776 - INFO - 464. НТИ (филиал) СКФУ
2025-04-01 01:52:09,704 - INFO - 465. Пятигорский институт (филиал) СКФУ
2025-04-01 01:55:32,431 - INFO - 466. СФ РПА
2025-04-01 01:56:07,076 - INFO - 467. КФ СПбГАУ
2025-04-01 01:56:53,177 - INFO - 468. Филиал НГИЭУ  г. Нижний Новгород
2025-04-01 01:57:38,912 - INFO - 469. Филиал СамГТУ в г. Сызрань
2025-04-01 01:58:36,835 - INFO - 470. Филиал РГУПС в г. Туапсе
2025-04-01 01:59:16,343 - INFO - 471. Филиал ДГУ в г. Дербент
2025-04-01 01:59:31,848 - INFO - 472. Филиал ДГУ в г. Избербаш
2025-04-01 01:59:47,179 - INFO - 473. Филиал ДГУ в г. Кизляр
2025-04-01 02:00:21,193 - INFO - 474. Филиал ДГУ  в г. Хасавюрт
2025-04-01 02:00:42,486 - INFO - 475. НЧФ КФУ
2025-04-01 02:07:12,371 - INFO - 476. ЕИ КФУ
2025-04-01 02:11:09,714 - INFO - 477. НХТИ КНИТУ
2025-04-01 02:13:13,694 - INFO - 478. Филиал ОГУ в г. Бузулук
2025-04-01 02:14:23,335 - INFO - 479. Филиал ОГУ в г. Кумертау
2025-04-01 02:15:09,084 - INFO - 480. Филиал ОГУ в г. Орск
2025-04-01 02:17:42,350 - INFO - 481. Филиал НГПУ в Куйбышеве
2025-04-01 02:18:39,581 - INFO - 482. КФУ им. В.И. Вернадского
2025-04-01 02:35:27,861 - INFO - 483. КУКИиТ
2025-04-01 02:37:13,036 - INFO - 484. ОГИК
2025-04-01 02:40:42,352 - INFO - 485. ОГУ им. И.С. Тургенева
2025-04-01 02:58:34,237 - INFO - 486. НВГУ
2025-04-01 03:07:51,999 - INFO - 487. Кировский филиал МГЭУ
2025-04-01 03:08:44,234 - INFO - 488. КНИТУ-КАИ
2025-04-01 03:21:32,610 - INFO - 490. ЮГУ
2025-04-01 03:26:20,321 - INFO - 491. НГУАДИ
2025-04-01 03:28:05,731 - INFO - 492. ТГУ им. Г.Р. Державина
2025-04-01 03:38:42,471 - INFO - 493. КБГУ
2025-04-01 03:49:29,754 - INFO - 494. НовГУ
2025-04-01 04:00:19,692 - INFO - 495. ЕУ
2025-04-01 04:01:11,446 - INFO - 496. КамчатГТУ
2025-04-01 04:05:56,320 - INFO - 497. Ставропольский филиал БУКЭП
2025-04-01 04:08:06,040 - INFO - 498. ТГПУ им. Л.Н. Толстого
2025-04-01 04:16:36,189 - INFO - 499. МарГУ
2025-04-01 04:27:17,978 - INFO - 500. ЛФ КНИТУ-КАИ
2025-04-01 04:28:15,654 - INFO - 501. Калининградский филиал МФЮА
2025-04-01 04:29:55,691 - INFO - 502. Филиал РГУ им. А.Н. Косыгина в Твери
2025-04-01 04:30:29,125 - INFO - 503. ВСГИК
2025-04-01 04:34:44,307 - INFO - 504. БГТУ
2025-04-01 04:41:52,053 - INFO - 506. КГУ
2025-04-01 04:52:39,200 - INFO - 507. ПсковГУ
2025-04-01 04:59:16,260 - INFO - 509. БГИТУ
2025-04-01 05:03:45,268 - INFO - 510. Новозыбковский филиал БГУ
2025-04-01 05:04:13,611 - INFO - 511. ИвГУ
2025-04-01 05:08:32,474 - INFO - 512. ВлГУ
2025-04-01 05:23:38,079 - INFO - 513. ЕГУ им. И.А. Бунина
2025-04-01 05:28:53,158 - INFO - 514. ТвГУ
2025-04-01 05:39:58,542 - INFO - 515. ПетрГУ
2025-04-01 05:51:30,140 - INFO - 516. ЮЗГУ
2025-04-01 06:02:35,054 - INFO - 517. УлГУ
2025-04-01 06:09:58,768 - INFO - 518. СГУ им. Питирима Сорокина
2025-04-01 06:14:36,141 - ERROR - https://vuzopedia.ru/vuz/5796/programs/bakispec/4216 - статус код: 404
2025-04-01 06:18:37,771 - INFO - 519. ТулГУ
2025-04-01 06:30:51,614 - INFO - 520. ПГТУ
2025-04-01 06:45:19,908 - INFO - 521. МАУ
2025-04-01 06:53:48,825 - INFO - 522. КГУ им. К.Э. Циолковского
2025-04-01 07:00:18,316 - INFO - 523. ТОГУ
2025-04-01 07:13:52,290 - INFO - 524. Филиал МАГУ в г. Апатиты
2025-04-01 07:15:56,773 - INFO - 526. ВСГУТУ
2025-04-01 07:26:30,965 - INFO - 527. ТГТУ
2025-04-01 07:26:45,197 - ERROR - https://vuzopedia.ru/vuz/5886/programs/bakispec/119 - ('Connection broken: IncompleteRead(5319 bytes read, 4921 more expected)', IncompleteRead(5319 bytes read, 4921 more expected))
2025-04-01 07:37:23,059 - INFO - 528. ВоГУ
2025-04-01 07:43:18,935 - INFO - 529. КЧГУ имени У.Д. Алиева
2025-04-01 07:50:26,448 - INFO - 530. ИГХТУ
2025-04-01 07:55:53,131 - INFO - 532. ТГСХА
2025-04-01 07:58:28,495 - INFO - 533. Костромская ГСХА
2025-04-01 08:01:34,158 - INFO - 534. ЛГТУ
2025-04-01 08:10:02,271 - INFO - 535. ЧувГУ
2025-04-01 08:16:28,216 - ERROR - https://vuzopedia.ru/vuz/5974/programs/bakispec/4489 - ('Connection broken: IncompleteRead(5319 bytes read, 4921 more expected)', IncompleteRead(5319 bytes read, 4921 more expected))
2025-04-01 08:26:44,502 - INFO - 536. КнАГУ
2025-04-01 08:32:33,469 - INFO - 537. СГСПУ
2025-04-01 08:38:42,142 - INFO - 538. ТвГТУ
2025-04-01 08:46:43,935 - INFO - 539. ЮУрГГПУ
2025-04-01 08:53:34,921 - INFO - 540. ИВГПУ
2025-04-01 08:56:48,340 - INFO - 541. ЧГУ
2025-04-01 09:04:59,915 - INFO - 542. УлГПУ им. И.Н. Ульянова
2025-04-01 09:12:20,130 - INFO - 543. ЛГПУ имени П. П. Семёнова-Тян-Шанского
2025-04-01 09:20:21,720 - INFO - 544. ЧГПУ им. И.Я. Яковлева
2025-04-01 09:25:44,127 - INFO - 545. ГГПИ им. Короленко
2025-04-01 09:30:15,435 - INFO - 546. МГПУ им. М.Е. Евсевьева
2025-04-01 09:35:27,482 - INFO - 547. МГУ им. Н. П. Огарёва
2025-04-01 09:48:30,143 - INFO - 548. ГАГУ
2025-04-01 09:52:36,160 - INFO - 549. ТувГУ
2025-04-01 09:59:23,504 - INFO - 550. Рязанский филиал МосПолитеха
2025-04-01 10:01:36,300 - INFO - 551. ХГУ
2025-04-01 10:08:06,016 - INFO - 552. МГТУ
2025-04-01 10:14:35,646 - INFO - 553. ЗабГУ
2025-04-01 10:25:39,477 - INFO - 554. АмГУ
2025-04-01 10:32:33,434 - INFO - 555. АмГПГУ
2025-04-01 10:35:51,406 - INFO - 556. СибГИУ
2025-04-01 10:42:22,422 - INFO - 557. ПГУ им. Шолом-Алейхема
2025-04-01 10:47:18,808 - INFO - 558. ЧГУ им. А.А. Кадырова
2025-04-01 10:57:53,811 - INFO - 559. ШГПУ
2025-04-01 11:02:33,624 - INFO - 560. БГПУ
2025-04-01 11:09:33,217 - INFO - 561. ЧГПУ
2025-04-01 11:17:39,519 - INFO - 562. КамГУ им. Витуса Беринга
2025-04-01 11:21:30,211 - INFO - 563. СОГУ
2025-04-01 11:29:43,943 - INFO - 564. ИГЭУ имени В.И. Ленина
2025-04-01 11:36:22,603 - INFO - 565. ДВГУПС
2025-04-01 11:47:50,148 - INFO - 566. Курский ГАУ
2025-04-01 11:51:04,802 - INFO - 567. СВФУ
2025-04-01 12:14:12,165 - INFO - 568. БГСХА имени В.Р. Филиппова
2025-04-01 12:18:22,613 - INFO - 569. Орловский ГАУ
2025-04-01 12:24:34,219 - INFO - 570. Мичуринский ГАУ
2025-04-01 12:31:19,063 - INFO - 571. Пермский ГАТУ
2025-04-01 12:37:51,080 - INFO - 572. Брянский ГАУ
2025-04-01 12:41:25,974 - INFO - 573. ИрГУПС
2025-04-01 12:46:30,025 - INFO - 574. Дальневосточный ГАУ
2025-04-01 12:50:13,727 - INFO - 575. СурГУ
2025-04-01 12:58:22,012 - INFO - 576. Кабардино-Балкарский ГАУ
2025-04-01 13:03:44,771 - INFO - 577. УИГА
2025-04-01 13:05:39,100 - INFO - 578. Чувашский ГАУ
2025-04-01 13:10:11,848 - INFO - 579. АГИКИ
2025-04-01 13:13:04,185 - INFO - 580. СКГА
2025-04-01 13:13:32,085 - ERROR - https://vuzopedia.ru/vuz/6404/programs/bakispec/119 - ('Connection broken: IncompleteRead(5319 bytes read, 4921 more expected)', IncompleteRead(5319 bytes read, 4921 more expected))
2025-04-01 13:16:39,065 - INFO - 581. ДГТУ в г. Махачкала
2025-04-01 13:17:05,867 - ERROR - https://vuzopedia.ru/vuz/6412/programs/bakispec/119 - ('Connection broken: IncompleteRead(5319 bytes read, 4921 more expected)', IncompleteRead(5319 bytes read, 4921 more expected))
2025-04-01 13:26:17,099 - INFO - 582. Горский ГАУ
2025-04-01 13:29:52,148 - INFO - 583. ГГНТУ им. акад. М. Д. Миллионщикова
2025-04-01 13:40:05,126 - INFO - 584. ИАТЭ НИЯУ МИФИ
2025-04-01 13:43:38,445 - INFO - 585. ИнгГУ
2025-04-01 13:50:22,779 - INFO - 586. АГАТУ
2025-04-01 13:53:21,198 - INFO - 587. КГМТУ
2025-04-01 13:55:14,765 - INFO - 588. УлГАУ
2025-04-01 13:58:21,070 - INFO - 589. Великолукская ГСХА
2025-04-01 14:03:23,778 - INFO - 590. УГТУ
2025-04-01 14:04:37,863 - ERROR - https://vuzopedia.ru/vuz/6521/programs/bakispec/27 - статус код: 504
2025-04-01 14:10:18,234 - ERROR - https://vuzopedia.ru/vuz/6521/programs/bakispec/114 - статус код: 504
2025-04-01 14:14:19,678 - INFO - 591. Филиал УГТУ в Воркуте
2025-04-01 14:14:55,602 - INFO - 592. Филиал УГТУ в Усинске
2025-04-01 14:15:18,743 - INFO - 593. КГТА имени В.А. Дегтярева
2025-04-01 14:17:15,943 - INFO - 594. ВГМХА им. Н.В. Верещагина
2025-04-01 14:20:09,053 - INFO - 595. УГИИ им. Загира Исмагилова
2025-04-01 14:23:32,544 - INFO - 596. Тверской ГМУ
2025-04-01 14:24:14,583 - INFO - 597. ИвГМУ
2025-04-01 14:24:55,703 - INFO - 598. Университет Вернадского
2025-04-01 14:30:45,770 - INFO - 599. СОГМА
2025-04-01 14:31:21,844 - INFO - 600. ПГИК
2025-04-01 14:36:39,318 - INFO - 601. КИПУ имени Февзи Якубова
2025-04-01 14:44:19,997 - INFO - 602. Керченский филиал КИПУ имени Февзи Якубова
2025-04-01 14:44:37,064 - INFO - 603. Чебоксарский институт (филиал) Московского политеха
2025-04-01 14:46:31,232 - INFO - 604. Филиал СамГТУ в г. Новокуйбышевске
2025-04-01 14:47:36,468 - INFO - 605. Шуйский филиал ИвГУ
2025-04-01 14:50:01,934 - INFO - 606. СКГИИ
2025-04-01 14:52:55,726 - INFO - 607. ТТИ НИЯУ МИФИ
2025-04-01 14:53:33,382 - INFO - 608. ЗГУ им. Н.М. Федоровского
2025-04-01 14:55:38,799 - INFO - 609. ИСОиП (филиал) ДГТУ в г. Шахты
2025-04-01 15:01:19,785 - INFO - 610. Филиал КубГУ в г.Армавире
2025-04-01 15:01:49,927 - INFO - 611. филиал КубГУ в г.Славянске-на-Кубани
2025-04-01 15:03:22,525 - INFO - 612. филиал КубГУ в г. Новороссийске
2025-04-01 15:04:04,587 - INFO - 613. филиал УдГУ в Воткинске
2025-04-01 15:05:33,633 - INFO - 614. филиал УдГУ в Можге
2025-04-01 15:05:56,796 - INFO - 615. ГФ БГТУ им. В.Г. Шухова
2025-04-01 15:07:02,907 - INFO - 616. Калужский филиал МГТУ им. Н.Э. Баумана
2025-04-01 15:10:32,209 - INFO - 617. УУНиТ
2025-04-01 15:27:53,193 - INFO - 618. Филиал КузГТУ в г. Междуреченске
2025-04-01 15:28:28,760 - INFO - 619. Филиал КузГТУ в г. Прокопьевске
2025-04-01 15:30:01,831 - INFO - 620. БТИ АлтГТУ
2025-04-01 15:31:24,611 - INFO - 621. филиал РГЭУ (РИНХ) в г. Таганрог
2025-04-01 15:36:42,071 - INFO - 622. КАГМС
2025-04-01 15:37:48,620 - INFO - 623. ВПИ (филиал) ВолгГТУ
2025-04-01 15:39:35,700 - INFO - 624. АУП
2025-04-01 15:41:17,186 - INFO - 625. ГИЭФПТ
2025-04-01 15:43:16,768 - INFO - 626. АФ КНИТУ-КАИ
2025-04-01 15:44:22,458 - INFO - 627. Анапский филиал МПГУ
2025-04-01 15:45:28,853 - INFO - 628. Покровский филиал МПГУ
2025-04-01 15:46:29,308 - INFO - 629. Дербентский филиал МПГУ
2025-04-01 15:47:12,122 - INFO - 630. Ставропольский филиал МПГУ
2025-04-01 15:48:11,132 - INFO - 631. Черняховский Филиал МПГУ
2025-04-01 15:48:40,653 - INFO - 632. ПКИУПТ МГУТУ им. К.Г. Разумовского
2025-04-01 15:49:16,639 - INFO - 633. ПКИТ МГУТУ им. К.Г. Разумовского
2025-04-01 15:52:08,156 - INFO - 634. ККГИПИБ МГУТУ им. К.Г. Разумовского
2025-04-01 15:53:02,127 - INFO - 635. КИЖТ УрГУПС
2025-04-01 15:53:18,974 - INFO - 636. Филиал УрГУПС в. г. Нижнем Тагиле
2025-04-01 15:53:42,267 - INFO - 637. Стерлитамакский филиал УУНиТ
2025-04-01 15:59:31,555 - INFO - 638. Филиал УрГУПС в г. Тюмени
2025-04-01 15:59:42,315 - INFO - 639. ЧИПС УрГУПС
2025-04-01 15:59:59,443 - INFO - 640. ПИЖТ УрГУПС
2025-04-01 16:00:11,079 - INFO - 641. НПИ КубГТУ
2025-04-01 16:00:59,456 - INFO - 642. АМТИ КубГТУ
2025-04-01 16:01:48,462 - INFO - 643. СГПИ (филиал) ПГНИУ
2025-04-01 16:02:25,490 - INFO - 644. МИВлГУ
2025-04-01 16:04:41,313 - INFO - 645. СурГПУ
2025-04-01 16:09:14,677 - INFO - 646. МАБиУ
2025-04-01 16:11:40,423 - INFO - 647. НИМИ ДонГАУ
2025-04-01 16:15:05,026 - INFO - 648. БФ ВГУ
2025-04-01 16:16:14,848 - INFO - 649. Курский институт кооперации (филиал) БУКЭП
2025-04-01 16:17:13,541 - INFO - 650. Липецкий институт кооперации (филиал) БУКЭП
2025-04-01 16:17:55,219 - INFO - 651. ДРТИ АГТУ
2025-04-01 16:18:48,646 - INFO - 652. Филиал РГППУ в г. Нижнем Тагиле
2025-04-01 16:22:09,458 - INFO - 653. филиал УдГУ в г. Нижняя Тура
2025-04-01 16:22:47,171 - INFO - 654. Филиал СамГТУ в г. Белебее
2025-04-01 16:23:32,866 - INFO - 655. Астраханский филиал СГЮА
2025-04-01 16:23:56,422 - INFO - 656. Тамбовский филиал Мичуринского ГАУ
2025-04-01 16:24:50,901 - INFO - 657. ЭТИ СГТУ
2025-04-01 16:25:28,749 - ERROR - https://vuzopedia.ru/vuz/7252/programs/bakispec/4489 - ('Connection broken: IncompleteRead(5319 bytes read, 4921 more expected)', IncompleteRead(5319 bytes read, 4921 more expected))
2025-04-01 16:26:07,128 - INFO - 658. СЛИ
2025-04-01 16:27:45,614 - INFO - 659. СИБУП
2025-04-01 16:28:52,200 - INFO - 660. НИЭУП
2025-04-01 16:29:51,120 - INFO - 661. Филиал РГИСИ в Калининграде
2025-04-01 16:30:08,773 - INFO - 662. ЮУ (ИУБиП)
2025-04-01 16:31:53,610 - INFO - 663. ЧГИКИ
2025-04-01 16:33:45,198 - INFO - 664. ДГИ
2025-04-01 16:34:39,046 - INFO - 665. ВШП
2025-04-01 16:35:20,945 - INFO - 666. РУМТ (iSpring)
2025-04-01 16:35:52,210 - INFO - 667. КЮИ МВД России
2025-04-01 16:36:15,381 - INFO - 668. МелГУ
2025-04-01 16:43:25,493 - INFO - 669. ИСЗФ СО РАН
2025-04-01 16:43:37,013 - INFO - 670. ЮМЕД
2025-04-01 16:43:50,733 - INFO - 671. МосУ МВД РФ им. В.Я. Кикотя
2025-04-01 16:45:30,725 - INFO - 672. РАЖВиЗ
2025-04-01 16:46:38,086 - INFO - 673. Школа-студия МХАТ
2025-04-01 16:47:15,006 - INFO - 674. МГИК
2025-04-01 16:56:06,139 - INFO - 675. МДА РПЦ
2025-04-01 16:57:13,221 - INFO - 676. РГУТиС
2025-04-01 16:59:48,389 - INFO - 677. МГИМО
2025-04-01 17:04:00,138 - INFO - 678. МГК им. Чайковского
2025-04-01 17:05:14,353 - INFO - 679. РТА
2025-04-01 17:07:33,176 - INFO - 680. Академия ФСБ
2025-04-01 17:09:06,301 - INFO - 681. ГУУ
2025-04-01 17:17:42,811 - INFO - 682. МГРИ
2025-04-01 17:23:49,050 - INFO - 683. ВТУ
2025-04-01 17:24:09,292 - INFO - 684. МИЭТ
2025-04-01 17:30:03,166 - INFO - 685. АХИ
2025-04-01 17:30:35,565 - INFO - 686. МПГУ
2025-04-01 17:46:04,062 - INFO - 687. РААН
2025-04-01 17:46:22,249 - INFO - 688. ТИ им.Щукина
2025-04-01 17:47:06,067 - INFO - 689. РГУП
2025-04-01 17:50:22,315 - INFO - 690. ВУМО
2025-04-01 17:51:04,288 - INFO - 691. ВШСИ
2025-04-01 17:51:59,762 - INFO - 692. Академия гражданской защиты МЧС России
2025-04-01 17:53:40,943 - INFO - 693. Литинститут
2025-04-01 17:53:59,147 - INFO - 694. ПСТГУ
2025-04-01 17:57:44,433 - INFO - 695. МИРБИС
2025-04-01 17:58:02,413 - INFO - 696. Академия ГПС МЧС России
2025-04-01 17:58:50,203 - INFO - 697. МПИ ФСБ РФ
2025-04-01 17:59:02,006 - INFO - 698. МХПИ
2025-04-01 17:59:42,730 - INFO - 699. МСЭИ
2025-04-01 18:00:07,035 - INFO - 700. ИМТП
2025-04-01 18:00:49,247 - INFO - 701. МТИ
2025-04-01 18:07:14,405 - INFO - 702. НИД
2025-04-01 18:08:52,267 - INFO - 703. ИСВ
2025-04-01 18:09:11,713 - INFO - 704. ВАРВСН
2025-04-01 18:09:53,646 - INFO - 705. СФИ
2025-04-01 18:10:18,937 - INFO - 706. МИСАО
2025-04-01 18:11:36,726 - INFO - 707. ГСИ
2025-04-01 18:12:25,986 - INFO - 708. СДС РПЦ
2025-04-01 18:12:56,145 - INFO - 709. НУПДС
2025-04-01 18:13:08,118 - INFO - 710. БАТиП
2025-04-01 18:13:45,548 - INFO - 711. СПбУ МВД РФ
2025-04-01 18:14:59,234 - INFO - 712. СПб ГАИЖСА им. Репина
2025-04-01 18:16:39,875 - INFO - 713. Университет ИТМО
2025-04-01 18:26:14,192 - INFO - 714. МУ им. С.Ю. Витте
2025-04-01 18:30:52,467 - INFO - 715. СПбГИКиТ
2025-04-01 18:33:15,649 - INFO - 716. СПбГХПА
2025-04-01 18:36:10,604 - INFO - 717. АРБ им. Вагановой
2025-04-01 18:37:48,755 - INFO - 718. ВКА им. Можайского
2025-04-01 18:41:50,246 - INFO - 719. ВМА им. Кузнецова
2025-04-01 18:42:37,946 - INFO - 720. ВАМТО
2025-04-01 18:43:38,940 - INFO - 721. СПб УГПС МЧС России
2025-04-01 18:46:32,476 - INFO - 722. СПВИ войск национальной гвардии
2025-04-01 18:47:04,328 - INFO - 723. Университет «Дубна»
2025-04-01 18:53:31,662 - INFO - 724. СПбПДА
2025-04-01 18:54:07,120 - INFO - 725. ВИ (ИТ) ВА МТО
2025-04-01 18:54:32,794 - INFO - 726. СЮА
2025-04-01 18:55:22,756 - INFO - 727. ГСГУ
2025-04-01 18:59:50,584 - INFO - 728. БГИ
2025-04-01 19:00:04,021 - INFO - 729. НОИР
2025-04-01 19:01:29,977 - INFO - 730. ВАС им. Буденого
2025-04-01 19:02:24,820 - INFO - 731. ВА МТО им. Хрулева
2025-04-01 19:03:25,321 - INFO - 732. МВАА
2025-04-01 19:04:18,059 - INFO - 733. НГТУ
2025-04-01 19:22:30,675 - INFO - 734. СГУВТ
2025-04-01 19:25:37,256 - INFO - 735. Новосибирская ГК им. Глинки
2025-04-01 19:28:11,191 - INFO - 736. РЭШ
2025-04-01 19:28:35,844 - INFO - 737. Академия акварели и изящных искусств
2025-04-01 19:28:47,393 - INFO - 738. НВИ войск национальной гвардии
2025-04-01 19:29:05,712 - INFO - 739. НВВКУ
2025-04-01 19:29:17,424 - INFO - 740. НГТИ
2025-04-01 19:29:47,105 - INFO - 741. КазГИК
2025-04-01 19:34:28,599 - INFO - 742. КГЭУ
2025-04-01 19:41:09,869 - INFO - 743. "ТИСБИ"
2025-04-01 19:44:57,215 - INFO - 744. РИИ
2025-04-01 19:45:38,434 - INFO - 745. АСО
2025-04-01 19:46:08,421 - INFO - 746. Гуманитарный университет
2025-04-01 19:47:57,991 - INFO - 747. УрГУПС
2025-04-01 19:53:26,639 - INFO - 748. УИФР
2025-04-01 19:54:10,848 - INFO - 749. УрУ - УИЭУиП
2025-04-01 19:54:23,508 - INFO - 750. УИ ГПС МЧС России
2025-04-01 19:55:04,941 - INFO - 751. ПИМУ
2025-04-01 19:56:17,081 - INFO - 752. МаГК
2025-04-01 19:59:00,098 - INFO - 753. ЮУГМУ
2025-04-01 19:59:42,320 - INFO - 754. ЮУрГИИ
2025-04-01 20:01:30,914 - INFO - 755. СибЮУ
2025-04-01 20:02:38,791 - INFO - 756. ОмГА
2025-04-01 20:06:54,848 - INFO - 758. СамГУПС
2025-04-01 20:09:19,187 - INFO - 759. СЮИ ФСИН РФ
2025-04-01 20:10:06,642 - INFO - 760. ТАУ
2025-04-01 20:11:06,936 - INFO - 761. ДГТУ
2025-04-01 20:46:59,624 - INFO - 762. ПГФА
2025-04-01 20:47:23,316 - INFO - 763. ПВИ ВНГ РФ
2025-04-01 20:48:17,958 - INFO - 764. КИЭП
2025-04-01 20:49:05,353 - INFO - 765. БАГСУ
2025-04-01 20:50:18,004 - INFO - 766. АЛСИ
2025-04-01 20:51:05,865 - INFO - 767. КУ МВД РФ
2025-04-01 20:52:11,954 - INFO - 768. ИМСИТ
2025-04-01 20:56:07,041 - INFO - 769. ВИВТ
2025-04-01 20:57:06,616 - INFO - 770. ВИ МВД РФ
2025-04-01 20:58:00,611 - INFO - 771. ВВА
2025-04-01 21:00:37,452 - INFO - 772. ВГИФК
2025-04-01 21:02:44,010 - INFO - 773. ВИ ФСИН
2025-04-01 21:04:02,223 - INFO - 774. ВГИИК
2025-04-01 21:07:50,748 - INFO - 775. ВГАФК
2025-04-01 21:08:50,274 - INFO - 776. ВИЭПП
2025-04-01 21:09:26,457 - INFO - 777. ВА МВД РФ
2025-04-01 21:09:56,740 - INFO - 778. СГУ им. Чернышевского
2025-04-01 21:32:31,725 - INFO - 779. СГЮА
2025-04-01 21:35:32,745 - INFO - 780. АГМУ
2025-04-01 21:36:32,230 - INFO - 781. ВСИ МВД РФ
2025-04-01 21:36:55,879 - INFO - 782. ДВЮИ МВД РФ
2025-04-01 21:37:19,433 - INFO - 783. ЯГТИ
2025-04-01 21:37:36,963 - INFO - 784. Академия МУБиНТ
2025-04-01 21:40:02,311 - INFO - 785. ОГИИ им. Ростроповичей
2025-04-01 21:41:19,962 - INFO - 786. ОрГМУ
2025-04-01 21:42:01,581 - INFO - 787. СТУ
2025-04-01 21:43:01,521 - INFO - 788. Академия ФСИН
2025-04-01 21:45:07,376 - INFO - 789. ПГУАС
2025-04-01 21:48:32,325 - INFO - 790. НГГТИ
2025-04-01 21:51:50,054 - INFO - 791. ЕИУБП
2025-04-01 21:52:31,738 - INFO - 792. БелГУ
2025-04-01 22:11:51,604 - INFO - 793. СГИИ
2025-04-01 22:13:30,692 - INFO - 794. Белгородский ГАУ имени В.Я. Горина
2025-04-01 22:17:06,550 - INFO - 795. СПДС
2025-04-01 22:17:18,648 - INFO - 796. Филиал МГУ в г. Севастополе
2025-04-01 22:18:36,461 - INFO - 797. Филиал МГУ в Астане
2025-04-01 22:20:06,043 - INFO - 798. Ахтубинский филиал "Взлет" МАИ
2025-04-01 22:20:29,988 - INFO - 799. Филиал МАИ «Восход»
2025-04-01 22:21:05,803 - INFO - 800. Филиал МАИ «Стрела» в Жуковском
2025-04-01 22:22:11,926 - INFO - 801. Филиал МАИ в Ступино
2025-04-01 22:22:53,468 - INFO - 802. Мытищинский филиал НИУ МГСУ
2025-04-01 22:23:05,326 - INFO - 803. НИУ ВШЭ - Пермь
2025-04-01 22:24:35,045 - INFO - 804. Филиал НИУ "МЭИ" в Смоленске
2025-04-01 22:27:53,335 - INFO - 805. Филиал «МИСИС» в Новотроицке
2025-04-01 22:29:00,143 - INFO - 806. МОФ МосУ МВД РФ им. В.Я. Кикотя
2025-04-01 22:29:23,969 - INFO - 807. РФМУМВД
2025-04-01 22:29:41,855 - INFO - 808. Орловский филиал Финуниверситета
2025-04-01 22:30:23,416 - INFO - 809. Санкт-Петербургский филиал Финуниверситета
2025-04-01 22:30:59,344 - INFO - 810. ВИТ
2025-04-01 22:31:10,906 - INFO - 811. ЗПИТ
2025-04-01 22:31:28,904 - INFO - 812. Казанский филиал РМАТ
2025-04-01 22:31:46,691 - INFO - 813. Филиал РГСУ в Анапе
2025-04-01 22:32:34,963 - INFO - 814. Филиал РМАТ в Измайлово
2025-04-01 22:33:16,914 - INFO - 815. Филиал РМАТ в Пскове
2025-04-01 22:33:34,553 - INFO - 816. Домодедовский филиал РосНОУ
2025-04-01 22:34:10,365 - INFO - 817. Елецкий филиал РосНОУ
2025-04-01 22:34:46,122 - INFO - 818. Таганрогский филиал РосНОУ
2025-04-01 22:35:10,100 - INFO - 819. Филиал РГСУ в Клине
2025-04-01 22:36:13,262 - INFO - 820. Павлово-Посадский филиал РГСУ
2025-04-01 22:36:49,399 - INFO - 821. Филиал РГСУ в Пятигорске
2025-04-01 22:37:55,070 - INFO - 822. Филиал РГСУ в Сочи
2025-04-01 22:38:37,141 - INFO - 823. Иркутский филиал РУС «ГЦОЛИФК»
2025-04-01 22:39:00,982 - INFO - 824. Филиал ВАВТ в Петропавловск-Камчатском
2025-04-01 22:40:19,147 - INFO - 825. Филиал МГПУ в Самаре
2025-04-01 22:44:33,833 - INFO - 826. Филиал РУДН в Сочи
2025-04-01 22:46:10,107 - INFO - 827. Филиал РАНХиГС в Балаково
2025-04-01 22:47:04,007 - INFO - 828. Филиал РАНХиГС в Вологде
2025-04-01 22:47:33,868 - INFO - 829. Филиал РАНХиГС в Дзержинске
2025-04-01 22:48:15,725 - INFO - 830. Филиал РАНХиГС в Петрозаводске
2025-04-01 22:48:51,390 - INFO - 831. Филиал РАНХиГС в Кирове
2025-04-01 22:49:39,357 - INFO - 832. Курганский филиал РАНХиГС
2025-04-01 22:50:03,451 - INFO - 833. Филиал РАНХиГС в Новгороде
2025-04-01 22:50:27,240 - INFO - 834. Филиал РАНХиГС в Оренбурге
2025-04-01 22:51:03,724 - INFO - 835. Филиал МАДИ в г. Бронницы
2025-04-01 22:51:27,626 - INFO - 836. Филиал РАНХиГС в Петропавловск-Камчатске
2025-04-01 22:51:45,493 - INFO - 837. Поволжский институт управления филиал РАНХиГС
2025-04-01 22:54:21,919 - INFO - 838. Филиал РТУ МИРЭА в г. Фрязино
2025-04-01 22:54:57,785 - INFO - 839. Филиал МГТУГА в Ростове-на-Дону
2025-04-01 22:55:34,056 - INFO - 840. Филиал РАНХиГС в Тамбове
2025-04-01 22:56:28,237 - INFO - 841. Филиал РАНХиГС в Твери
2025-04-01 22:56:51,954 - INFO - 842. АИТИП
2025-04-01 22:57:34,409 - INFO - 843. Филиал АТиСО в Севастополе
2025-04-01 22:58:04,969 - INFO - 844. КПИ (филиал) УрФУ в Каменске-Уральском
2025-04-01 22:58:34,893 - INFO - 845. Филиал  УрФУ в г. Верхняя Салда
2025-04-01 22:58:59,039 - INFO - 846. Нижневартовский филиал ЮУрГУ
2025-04-01 22:59:41,180 - INFO - 847. Златоустский филиал ЮУрГУ
2025-04-01 23:00:35,538 - INFO - 848. филиал ЮУрГУ Филиал в г. Миассе
2025-04-01 23:01:41,591 - INFO - 849. Филиал МЮИ в Астрахани
2025-04-01 23:01:59,387 - INFO - 850. Филиал МЮИ в Волжском
2025-04-01 23:02:11,791 - INFO - 851. Филиал ВА РВСН МО РФ в г. Серпухов
2025-04-01 23:03:05,755 - INFO - 852. Филиал МЮИ в Иваново
2025-04-01 23:03:17,945 - INFO - 853. Филиал ИЭУП в Набережных Челнах
2025-04-01 23:05:35,769 - INFO - 854. КФ МЮИ
2025-04-01 23:05:47,415 - INFO - 855. Филиал МЮИ в Одинцово
2025-04-01 23:06:05,128 - INFO - 856. Филиал МЮИ в Смоленске
2025-04-01 23:06:22,739 - INFO - 857. Филиал МЮИ в Туле
2025-04-01 23:06:58,827 - INFO - 858. Филиал МГЭУ в Клине
2025-04-01 23:07:23,163 - INFO - 859. Пензенский филиал МУ им. С.Ю. Витте
2025-04-01 23:08:47,589 - INFO - 860. Рязанский филиал МУ им. С.Ю. Витте
2025-04-01 23:10:05,587 - INFO - 861. Воронежский институт (филиал) МГЭУ
2025-04-01 23:10:47,787 - INFO - 862. Филиал МУ им. С.Ю. Витте в г. Нижний Новгород
2025-04-01 23:11:47,544 - INFO - 863. Филиал в г. Ростов-на-Дону МУ им. С.Ю. Витте
2025-04-01 23:12:53,946 - INFO - 864. Сергиево-Посадский филиал МУ им. С.Ю. Витте
2025-04-01 23:13:18,132 - INFO - 865. Филиал «Протвино» Государственного университета «Дубна»
2025-04-01 23:13:36,186 - INFO - 866. Филиал МГЭУ в Коряжме
2025-04-01 23:14:12,336 - INFO - 867. Филиал МГЭУ в Мурманске
2025-04-01 23:14:48,607 - INFO - 868. Филиал МГЭИ в Ставрополе
2025-04-01 23:15:30,928 - INFO - 869. Тверской институт (филиал) МГЭУ
2025-04-01 23:16:12,802 - INFO - 870. Чебоксарский институт (филиал) МГЭУ
2025-04-01 23:16:48,926 - INFO - 871. Филиал ГУМРФ им. Макарова в Воронеже
2025-04-01 23:17:19,265 - INFO - 872. Филиал СПбГУП в Красноярске
2025-04-01 23:18:01,466 - INFO - 873. Филиал ГУМРФ им. Макарова в Котласе
2025-04-01 23:18:26,022 - INFO - 874. Нижнекамский филиал ИЭУП
2025-04-01 23:20:09,040 - INFO - 875. Филиал ЮФУ в г. Геленджике
2025-04-01 23:20:44,945 - INFO - 876. Филиал ЮФУ в г. Новошахтинске
2025-04-01 23:21:27,180 - INFO - 877. СКФ МТУСИ
2025-04-01 23:21:57,819 - INFO - 878. ВВФ МТУСИ
2025-04-01 23:22:15,740 - INFO - 879. БИТУ
2025-04-01 23:22:51,857 - INFO - 880. «СПбГУП» ИИиИТ
2025-04-01 23:23:39,622 - INFO - 881. Санкт-Петербургский филиал РТА
2025-04-01 23:24:33,447 - INFO - 882. Владивостокский филиал РТА
2025-04-01 23:25:15,227 - INFO - 883. Филиал РТА в Ростове
2025-04-01 23:26:27,166 - INFO - 884. ВСФ РГУП
2025-04-01 23:27:15,279 - INFO - 885. ДВФ РГУП
2025-04-01 23:27:50,855 - INFO - 886. ЗСФ РГУП
2025-04-01 23:28:20,948 - INFO - 887. Казанский филиал РГУП
2025-04-01 23:29:44,980 - INFO - 888. ПФ РГУП
2025-04-01 23:30:27,153 - INFO - 889. РФ РГУП
2025-04-01 23:31:03,537 - INFO - 890. СЗФ РГУП
2025-04-01 23:32:21,805 - INFO - 891. СКФ РГУП
2025-04-01 23:33:52,163 - INFO - 892. УФ РГУП
2025-04-01 23:34:40,089 - INFO - 893. ЦФ РГУП
2025-04-01 23:35:33,806 - INFO - 894. КрФ РГУП
2025-04-01 23:36:16,997 - INFO - 895. Филиал КГТУ в Калининграде
2025-04-01 23:37:10,988 - INFO - 896. НФ ПГУ
2025-04-01 23:37:28,865 - INFO - 897. Филиал ННГУ в г. Арзамас
2025-04-01 23:41:11,302 - INFO - 898. АИЭ СПбУТУиЭ
2025-04-01 23:42:11,835 - INFO - 899. Филиал ННГУ в г. Дзержинск
2025-04-01 23:43:12,357 - INFO - 900. Филиал ННГУ в г. Павлово
2025-04-01 23:43:54,689 - INFO - 901. Филиал НГТУ в  г. Арзамас
2025-04-01 23:44:54,476 - INFO - 902. Филиал НГТУ в  г. Дзержинск
2025-04-01 23:46:12,532 - INFO - 903. ИТПИ ВШНИ
2025-04-01 23:46:48,961 - INFO - 904. МИЛМЖ филиал ВШНИ
2025-04-01 23:47:14,179 - INFO - 905. СПФ ВШНИ
2025-04-01 23:47:44,136 - INFO - 906. ИЯЭ СПбПУ
2025-04-01 23:47:56,108 - INFO - 907. ДПСА
2025-04-01 23:48:08,015 - INFO - 908. УрТИСИ СибГУТИ
2025-04-01 23:48:44,839 - INFO - 909. ХИИК СибГУТИ
2025-04-01 23:49:08,646 - INFO - 910. БИИК СибГУТИ
2025-04-01 23:49:26,387 - INFO - 911. БФ КНИТУ
2025-04-01 23:49:56,353 - INFO - 912. АФ "ТИСБИ"
2025-04-01 23:50:26,676 - INFO - 913. Филиал РГГМУ в г. Туапсе
2025-04-01 23:51:03,056 - INFO - 914. Филиал СГУВТ в Омске
2025-04-01 23:52:03,228 - INFO - 915. ЯИВТ (филиал) СГУВТ
2025-04-01 23:52:34,586 - INFO - 916. ИБДА РАНХиГС
2025-04-01 23:55:16,568 - INFO - 917. МИУ
2025-04-01 23:58:10,688 - INFO - 918. Реавиз
2025-04-01 23:58:40,781 - INFO - 919. Реавиз в Санкт-Петербурге
2025-04-01 23:58:59,540 - INFO - 920. СибГУ им. М.Ф. Решетнева
2025-04-02 00:14:01,852 - INFO - 921. СПбЮИ
2025-04-02 00:14:13,909 - INFO - 922. ЮРГИ
2025-04-02 00:15:07,828 - INFO - 923. МВШСЭН
2025-04-02 00:17:44,521 - INFO - 924. БИСТ (филиал) ОУП ВО "АТиСО"
2025-04-02 00:18:44,653 - INFO - 925. СКСИ
2025-04-02 00:20:39,737 - INFO - 926. АГТУ Высшая школа нефти
2025-04-02 00:24:10,017 - INFO - 927. НТУ «Сириус»
2025-04-02 00:25:28,475 - INFO - 928. НМИЦ им. В. А. Алмазова
2025-04-02 00:26:05,122 - INFO - 929. Нетология
2025-04-02 00:27:23,400 - INFO - 930. ТСХИ НГАУ
2025-04-02 00:28:05,616 - INFO - 931. ПущГЕНИ
2025-04-02 00:28:47,500 - INFO - 932. ВЕИП
2025-04-02 00:29:05,695 - INFO - 933. ММА
2025-04-02 00:32:30,082 - INFO - 935. УлГТУ
2025-04-02 00:32:32,652 - ERROR - https://vuzopedia.ru/vuz/5909/programs/bakispec/114 - list index out of range
2025-04-02 00:32:35,949 - ERROR - https://vuzopedia.ru/vuz/5909/programs/bakispec/116 - list index out of range
2025-04-02 00:32:38,362 - ERROR - https://vuzopedia.ru/vuz/5909/programs/bakispec/142 - list index out of range
2025-04-02 00:32:40,877 - ERROR - https://vuzopedia.ru/vuz/5909/programs/bakispec/144 - list index out of range
2025-04-02 00:32:44,088 - ERROR - https://vuzopedia.ru/vuz/5909/programs/bakispec/214 - list index out of range
2025-04-02 00:32:47,370 - ERROR - https://vuzopedia.ru/vuz/5909/programs/bakispec/234 - list index out of range
2025-04-02 00:32:50,558 - ERROR - https://vuzopedia.ru/vuz/5909/programs/bakispec/256 - list index out of range
2025-04-02 00:32:53,659 - ERROR - https://vuzopedia.ru/vuz/5909/programs/bakispec/368 - list index out of range
2025-04-02 00:32:56,728 - ERROR - https://vuzopedia.ru/vuz/5909/programs/bakispec/417 - list index out of range
2025-04-02 00:33:00,095 - ERROR - https://vuzopedia.ru/vuz/5909/programs/bakispec/418 - list index out of range
2025-04-02 00:33:02,156 - ERROR - https://vuzopedia.ru/vuz/5909/programs/bakispec/473 - list index out of range
2025-04-02 00:33:05,356 - ERROR - https://vuzopedia.ru/vuz/5909/programs/bakispec/570 - list index out of range
2025-04-02 00:33:07,842 - ERROR - https://vuzopedia.ru/vuz/5909/programs/bakispec/661 - list index out of range
2025-04-02 00:33:11,477 - ERROR - https://vuzopedia.ru/vuz/5909/programs/bakispec/667 - list index out of range
2025-04-02 00:33:14,452 - ERROR - https://vuzopedia.ru/vuz/5909/programs/bakispec/674 - list index out of range
2025-04-02 00:33:18,263 - ERROR - https://vuzopedia.ru/vuz/5909/programs/bakispec/685 - list index out of range
2025-04-02 00:33:20,282 - ERROR - https://vuzopedia.ru/vuz/5909/programs/bakispec/706 - list index out of range
2025-04-02 00:33:23,154 - ERROR - https://vuzopedia.ru/vuz/5909/programs/bakispec/748 - list index out of range
2025-04-02 00:33:26,865 - ERROR - https://vuzopedia.ru/vuz/5909/programs/bakispec/897 - list index out of range
2025-04-02 00:33:29,309 - ERROR - https://vuzopedia.ru/vuz/5909/programs/bakispec/900 - list index out of range
2025-04-02 00:33:32,734 - ERROR - https://vuzopedia.ru/vuz/5909/programs/bakispec/1024 - list index out of range
2025-04-02 00:33:35,453 - ERROR - https://vuzopedia.ru/vuz/5909/programs/bakispec/1054 - list index out of range
2025-04-02 00:33:38,394 - ERROR - https://vuzopedia.ru/vuz/5909/programs/bakispec/1059 - list index out of range
2025-04-02 00:33:41,879 - ERROR - https://vuzopedia.ru/vuz/5909/programs/bakispec/1397 - list index out of range
2025-04-02 00:33:44,934 - ERROR - https://vuzopedia.ru/vuz/5909/programs/bakispec/1443 - list index out of range
2025-04-02 00:33:47,375 - ERROR - https://vuzopedia.ru/vuz/5909/programs/bakispec/1445 - list index out of range
2025-04-02 00:33:50,684 - ERROR - https://vuzopedia.ru/vuz/5909/programs/bakispec/2339 - list index out of range
2025-04-02 00:33:53,287 - ERROR - https://vuzopedia.ru/vuz/5909/programs/bakispec/2399 - list index out of range
2025-04-02 00:33:56,096 - ERROR - https://vuzopedia.ru/vuz/5909/programs/bakispec/3956 - list index out of range
2025-04-02 00:33:59,762 - ERROR - https://vuzopedia.ru/vuz/5909/programs/bakispec/3998 - list index out of range
2025-04-02 00:34:03,790 - ERROR - https://vuzopedia.ru/vuz/5909/programs/bakispec/4168 - list index out of range
2025-04-02 00:34:05,803 - ERROR - https://vuzopedia.ru/vuz/5909/programs/bakispec/4243 - list index out of range
2025-04-02 00:34:09,272 - ERROR - https://vuzopedia.ru/vuz/5909/programs/bakispec/4415 - list index out of range
2025-04-02 00:34:13,580 - ERROR - https://vuzopedia.ru/vuz/5909/programs/bakispec/4416 - list index out of range
2025-04-02 00:34:15,873 - ERROR - https://vuzopedia.ru/vuz/5909/programs/bakispec/4417 - list index out of range
2025-04-02 00:34:18,631 - ERROR - https://vuzopedia.ru/vuz/5909/programs/bakispec/4418 - list index out of range
2025-04-02 00:34:22,470 - ERROR - https://vuzopedia.ru/vuz/5909/programs/bakispec/4419 - list index out of range
2025-04-02 00:34:24,422 - ERROR - https://vuzopedia.ru/vuz/5909/programs/bakispec/4420 - list index out of range
2025-04-02 00:34:27,405 - ERROR - https://vuzopedia.ru/vuz/5909/programs/bakispec/4421 - list index out of range
2025-04-02 00:34:30,338 - ERROR - https://vuzopedia.ru/vuz/5909/programs/bakispec/4422 - list index out of range
2025-04-02 00:34:33,653 - ERROR - https://vuzopedia.ru/vuz/5909/programs/bakispec/4423 - list index out of range
2025-04-02 00:34:37,395 - ERROR - https://vuzopedia.ru/vuz/5909/programs/bakispec/4424 - list index out of range
2025-04-02 00:34:40,025 - ERROR - https://vuzopedia.ru/vuz/5909/programs/bakispec/4425 - list index out of range
2025-04-02 00:34:43,077 - ERROR - https://vuzopedia.ru/vuz/5909/programs/bakispec/4426 - list index out of range
2025-04-02 00:34:46,061 - ERROR - https://vuzopedia.ru/vuz/5909/programs/bakispec/4427 - list index out of range
2025-04-02 00:34:48,633 - ERROR - https://vuzopedia.ru/vuz/5909/programs/bakispec/4428 - list index out of range
2025-04-02 00:34:52,484 - ERROR - https://vuzopedia.ru/vuz/5909/programs/bakispec/4429 - list index out of range
2025-04-02 00:34:54,752 - ERROR - https://vuzopedia.ru/vuz/5909/programs/bakispec/4430 - list index out of range
2025-04-02 00:34:58,050 - ERROR - https://vuzopedia.ru/vuz/5909/programs/bakispec/4437 - list index out of range
2025-04-02 00:35:00,744 - ERROR - https://vuzopedia.ru/vuz/5909/programs/bakispec/4438 - list index out of range
2025-04-02 00:35:03,512 - ERROR - https://vuzopedia.ru/vuz/5909/programs/bakispec/4439 - list index out of range
2025-04-02 00:35:06,940 - ERROR - https://vuzopedia.ru/vuz/5909/programs/bakispec/4440 - list index out of range
2025-04-02 00:35:10,255 - ERROR - https://vuzopedia.ru/vuz/5909/programs/bakispec/4441 - list index out of range
2025-04-02 00:35:12,857 - ERROR - https://vuzopedia.ru/vuz/5909/programs/bakispec/4442 - list index out of range
2025-04-02 00:35:16,015 - ERROR - https://vuzopedia.ru/vuz/5909/programs/bakispec/4443 - list index out of range
2025-04-02 00:35:19,143 - ERROR - https://vuzopedia.ru/vuz/5909/programs/bakispec/4444 - list index out of range
2025-04-02 00:35:22,116 - ERROR - https://vuzopedia.ru/vuz/5909/programs/bakispec/4445 - list index out of range
2025-04-02 00:35:24,847 - ERROR - https://vuzopedia.ru/vuz/5909/programs/bakispec/4446 - list index out of range
2025-04-02 00:35:32,194 - INFO - 936. Агробиотех
2025-04-02 00:37:44,269 - INFO - 937. РПУ св. Иоанна Богослова
2025-04-02 00:38:26,111 - INFO - 938. КалмГУ
2025-04-02 00:46:21,179 - INFO - 939. Филиал СибГУ в г. Лесосибирске
2025-04-02 00:47:03,570 - INFO - 940. СВГУ
2025-04-02 00:51:22,387 - INFO - 941. БАмИЖТ (филиал ДВГУПС в г. Тында)
2025-04-02 00:52:10,516 - INFO - 942. АмИЖТ (филиал ДВГУПС в г. Свободном)
2025-04-02 00:53:16,802 - INFO - 943. ПримИЖТ (филиал ДВГУПС в г. Уссурийске)
2025-04-02 00:53:59,260 - INFO - 944. СахИЖТ (филиал ДВГУПС в г. Южно-Сахалинске)
2025-04-02 00:55:23,475 - INFO - 945. Карачевский филиал ОГУ имени И.С. Тургенева
2025-04-02 00:55:42,054 - INFO - 946. Ливенский филиал ОГУ им. И.С. Тургенева
2025-04-02 00:56:00,094 - INFO - 947. Мценский филиал ОГУ им. И.С. Тургенева
2025-04-02 00:56:30,292 - INFO - 948. Амурская ГМА
2025-04-02 00:56:48,185 - INFO - 949. ЧГИФКиС
2025-04-02 00:57:42,768 - INFO - 950. СТИ НИЯУ МИФИ
2025-04-02 00:58:47,571 - INFO - 951. Курганская ГСХА
2025-04-02 01:00:11,421 - INFO - 952. СКГМИ (ГТУ)
2025-04-02 01:06:36,188 - INFO - 953. ДГТУ Филиал в г. Каспийске
2025-04-02 01:07:00,770 - INFO - 954. Филиал ДГТУ в г. Дербенте
2025-04-02 01:07:37,137 - INFO - 955. Филиал ДГТУ в г. Кизляр
2025-04-02 01:07:51,027 - ERROR - https://vuzopedia.ru/vuz/6466/programs/bakispec/119 - ('Connection broken: IncompleteRead(5319 bytes read, 4921 more expected)', IncompleteRead(5319 bytes read, 4921 more expected))
2025-04-02 01:08:28,611 - INFO - 956. СарФТИ НИЯУ МИФИ
2025-04-02 01:10:46,817 - INFO - 957. БИТИ НИЯУ МИФИ
2025-04-02 01:11:47,842 - INFO - 958. ДИТИ НИЯУ МИФИ
2025-04-02 01:13:35,611 - INFO - 959. Октёмский филиал АГАТУ
2025-04-02 01:13:59,773 - INFO - 960. ВИТИ НИЯУ МИФИ
2025-04-02 01:15:48,371 - INFO - 961. ТИ НИЯУ МИФИ
2025-04-02 01:16:36,510 - INFO - 962. Филиал УлГАУ
2025-04-02 01:16:55,961 - INFO - 963. ПГК им. А. К. Глазунова
2025-04-02 01:19:32,480 - INFO - 964. СПбГК им. Н.А. Римского-Корсакова
2025-04-02 01:23:51,023 - INFO - 965. ЧГМА
2025-04-02 01:24:15,340 - INFO - 966. ЧГАФКиС
2025-04-02 01:25:40,067 - INFO - 967. СибГУФК
2025-04-02 01:27:40,914 - INFO - 968. Электростальский институт (филиал) Московского Политеха
2025-04-02 01:28:29,213 - INFO - 969. СИ (филиал) БашГУ
2025-04-02 01:31:48,645 - INFO - 970. Филиал СГУ в г. Анапе Краснодарского края
2025-04-02 01:32:19,704 - INFO - 971. Филиал ВГТУ в городе Борисоглебске
2025-04-02 01:33:08,126 - INFO - 972. НТИ НИЯУ МИФИ
2025-04-02 01:33:50,743 - INFO - 973. СФТИ НИЯУ МИФИ
2025-04-02 01:35:39,515 - INFO - 974. ВЛГАФК
2025-04-02 01:36:39,673 - INFO - 975. Филиал ПсковГУ в г. Великие Луки Псковской области
2025-04-02 01:37:16,330 - INFO - 976. ОТИ НИЯУ МИФИ
2025-04-02 01:38:04,913 - INFO - 977. ТИС (филиал ДГТУ в г. Ставрополе)
2025-04-02 01:40:35,303 - INFO - 978. Тучковский филиал Московского Политеха
2025-04-02 01:40:47,527 - INFO - 979. Коломенский филиал Московского политеха
2025-04-02 01:41:36,048 - INFO - 980. Лужский филиал ЛГУ им. Пушкина
2025-04-02 01:42:18,302 - INFO - 981. ИТ (филиал) ДГТУ в г. Волгодонске
2025-04-02 01:43:36,472 - INFO - 982. Бокситогорский филиал ЛГУ им. Пушкина
2025-04-02 01:44:24,867 - INFO - 983. Ломоносовский филиал ЛГУ им. Пушкина
2025-04-02 01:45:01,024 - INFO - 984. Рузаевский филиал НИ МГУ им. Н. П. Огарёва
2025-04-02 01:45:30,812 - INFO - 985. филиал КубГУ в г.Тихорецке
2025-04-02 01:45:38,816 - INFO - 986. ПИ (филиал) ДГТУ в г. Таганроге
2025-04-02 01:46:33,692 - INFO - 987. Набережночелнинский филиал ТИСБИ
2025-04-02 01:47:15,824 - INFO - 988. ТИ (филиал) ДГТУ в г.Азове
2025-04-02 01:47:52,347 - INFO - 989. Филиал УУНиТ в г. Кумертау
2025-04-02 01:48:58,990 - INFO - 990. Филиал УУНиТ в г. Ишимбае
2025-04-02 01:49:36,087 - INFO - 991. МВА
2025-04-02 01:49:48,596 - INFO - 992. ЕАСИ
2025-04-02 01:50:25,785 - INFO - 993. Филиал КузГТУ в г. Белово
2025-04-02 01:51:01,907 - INFO - 994. Филиал КузГТУ в г. Новокузнецке
2025-04-02 01:52:02,849 - INFO - 995. Московский областной филиал РАНХиГС
2025-04-02 01:53:27,320 - INFO - 996. ТИ (филиал) СВФУ
2025-04-02 01:54:39,864 - INFO - 997. РИИ АлтГТУ
2025-04-02 01:55:34,693 - INFO - 998. Рубцовский институт (филиал) АлтГУ
2025-04-02 01:56:23,457 - INFO - 999. ГИЭиП (филиал) РГЭУ (РИНХ)
2025-04-02 01:56:47,962 - INFO - 1000. Филиал РГЭУ (РИНХ) в г. Ейске
2025-04-02 01:57:24,983 - INFO - 1001. Филиал РГЭУ (РИНХ) в г. Кисловодск
2025-04-02 01:57:55,530 - INFO - 1002. Филиал РГЭУ (РИНХ) в г. Миллерово
2025-04-02 01:58:20,241 - INFO - 1003. Филиал РГЭУ (РИНХ) в г. Черкесске
2025-04-02 01:59:02,710 - INFO - 1004. филиал ТИУ в г. Тобольске
2025-04-02 01:59:27,025 - INFO - 1005. Филиал ТИУ в г. Нижневартовске
2025-04-02 01:59:57,392 - INFO - 1006. Филиал ТИУ в г. Сургуте
2025-04-02 02:00:33,868 - INFO - 1007. Филиал РТУ МИРЭА в г. Ставрополе
2025-04-02 02:01:58,498 - INFO - 1008. КВВУ им. С.М. Штеменко
2025-04-02 02:02:17,306 - INFO - 1009. ГФ НИТУ «МИСИС»
2025-04-02 02:03:18,235 - INFO - 1010. Филиал ВЭПИ в г. Старый Оскол
2025-04-02 02:03:54,668 - INFO - 1011. Филиал ВЭПИ в г. Россошь
2025-04-02 02:04:12,852 - INFO - 1012. Филиал ВЭПИ в г. Липецк
2025-04-02 02:04:31,403 - INFO - 1013. Филиал ВЭПИ в г. Орел
2025-04-02 02:04:49,821 - INFO - 1014. Смоленский филиал ИДК
2025-04-02 02:05:20,582 - INFO - 1015. Псковский филиал ИДК
2025-04-02 02:05:51,208 - INFO - 1016. Карачаево-Черкесский филиал ИДК
2025-04-02 02:06:27,503 - INFO - 1017. Тюменский филиал ИДК
2025-04-02 02:07:28,248 - INFO - 1018. Филиал ИДК в Республике Саха (Якутия)
2025-04-02 02:07:46,526 - INFO - 1019. Читинский институт БГУ
2025-04-02 02:08:53,167 - INFO - 1020. Филиал БГУ в г. Усть-Илимске
2025-04-02 02:09:11,397 - INFO - 1021. СПИ (филиал) ИжГТУ имени М.Т. Калашникова
2025-04-02 02:10:18,144 - INFO - 1022. ВФ ИжГТУ имени М.Т. Калашникова
2025-04-02 02:10:54,853 - INFO - 1023. КРАГСиУ
2025-04-02 02:11:54,999 - INFO - 1024. ГИЭИ (филиал) ИжГТУ имени М.Т. Калашникова
2025-04-02 02:12:20,192 - INFO - 1025. Екатеринбургский институт физической культуры (филиал) УралГУФК
2025-04-02 02:12:50,732 - INFO - 1026. Башкирский институт физической культуры (филиал) УралГУФК
2025-04-02 02:13:45,020 - INFO - 1027. Сергиево-Посадский филиал ВГИК
2025-04-02 02:14:03,637 - INFO - 1028. Ростовский-на-дону филиал ВГИК
2025-04-02 02:14:40,108 - INFO - 1029. КТИ (филиал) ВолгГТУ
2025-04-02 02:15:22,661 - INFO - 1030. Себряковский филиал ВолгГТУ
2025-04-02 02:15:59,307 - INFO - 1031. Иркутский филиал ВГИК
2025-04-02 02:16:18,115 - INFO - 1032. Филиал УГНТУ в г. Октябрьском
2025-04-02 02:17:06,578 - INFO - 1033. Филиал УГНТУ в г. Салавате
2025-04-02 02:18:31,030 - INFO - 1034. БФ ПНИПУ
2025-04-02 02:19:43,889 - INFO - 1035. Филиал УГНТУ в г. Стерлитамаке
2025-04-02 02:21:14,447 - INFO - 1036. ЧФ ПНИПУ
2025-04-02 02:21:50,815 - INFO - 1037. ЛФ ПНИПУ
2025-04-02 02:23:03,308 - INFO - 1038. Миасский филиал ЧелГУ
2025-04-02 02:23:51,718 - INFO - 1039. Троицкий филиал ЧелГУ
2025-04-02 02:24:33,998 - INFO - 1040. НЧФ КНИТУ-КАИ
2025-04-02 02:25:04,631 - INFO - 1041. ЧФ КНИТУ-КАИ
2025-04-02 02:25:46,793 - INFO - 1042. ИАЭ филиал ЮУрГАУ
2025-04-02 02:26:23,279 - INFO - 1043. ИАИ ЮУрГАУ
2025-04-02 02:28:00,458 - INFO - 1044. Бирский филиал УУНиТ
2025-04-02 02:33:09,094 - INFO - 1045. РОСИ
2025-04-02 02:34:10,188 - INFO - 1046. Нефтекамский филиал УУНиТ
2025-04-02 02:35:16,852 - INFO - 1047. Пермский филиал ВГУВТ
2025-04-02 02:35:47,554 - INFO - 1048. Казанский филиал ВГУВТ
2025-04-02 02:36:54,171 - INFO - 1049. Самарский филиал ВГУВТ
2025-04-02 02:37:19,234 - INFO - 1050. КИМРТ филиал ВГУВТ
2025-04-02 02:38:01,507 - INFO - 1051. СЗИ МГЮА
2025-04-02 02:38:37,667 - INFO - 1052. Волго-Вятский институт (филиал) МГЮА
2025-04-02 02:39:44,188 - INFO - 1053. ОИ МГЮА
2025-04-02 02:40:50,387 - INFO - 1054. СОФ НИУ «БелГУ»
2025-04-02 02:42:20,836 - INFO - 1055. Филиал СамГУПС в Нижнем Новгороде
2025-04-02 02:43:33,758 - INFO - 1056. БИФ КемГУ
2025-04-02 02:44:34,598 - INFO - 1057. КГПИ КемГУ
2025-04-02 02:49:26,977 - INFO - 1058. ИПИ им. П.П. Ершова (филиал) ТюмГУ
2025-04-02 02:50:42,307 - INFO - 1059. ТПИ им. Д.И. Менделеева (филиал) ТюмГУ
2025-04-02 02:51:37,098 - INFO - 1060. НФ БГТУ им. В.Г. Шухова
2025-04-02 02:51:55,767 - INFO - 1061. СКФ БГТУ им. В.Г. Шухова
2025-04-02 02:52:21,185 - INFO - 1062. Федоскинский институт ВШНИ (академия)
2025-04-02 02:52:40,185 - INFO - 1063. АЧИИ ДонГАУ
2025-04-02 02:55:46,961 - INFO - 1064. Кировский филиал СПбГУП
2025-04-02 02:56:20,335 - INFO - 1065. Самарский Филиал СПбГУП
2025-04-02 02:57:42,031 - INFO - 1066. ИЗиСП
2025-04-02 02:58:31,841 - INFO - 1067. ИНО
2025-04-02 02:59:20,197 - INFO - 1068. КрИЖТ ИрГУПС
2025-04-02 03:00:50,849 - INFO - 1069. ЗабИЖТ ИрГУПС
2025-04-02 03:02:26,310 - INFO - 1070. Филиал АлтГУ в г. Бийске
2025-04-02 03:02:51,303 - INFO - 1071. ТГМПИ им. С.В. Рахманинова
2025-04-02 03:05:04,225 - INFO - 1072. Тутаевский филиал РГАТУ
2025-04-02 03:05:24,489 - INFO - 1073. Филиал КГМТУ в г. Феодосия
2025-04-02 03:05:43,396 - INFO - 1074. Филиал СПбГЭУ в г. Кизляре
2025-04-02 03:06:09,544 - INFO - 1075. Чукотский филиал СВФУ
2025-04-02 03:06:33,859 - INFO - 1076. ВХУТЕИН
2025-04-02 03:07:34,789 - INFO - 1077. Филиал АГУ в г. Знаменске
2025-04-02 03:08:05,957 - INFO - 1078. МОСИ
2025-04-02 03:09:00,882 - INFO - 1079. Тарский филиал ОмГАУ
2025-04-02 03:09:31,924 - INFO - 1080. ШАИ ЮРГПУ
2025-04-02 03:10:50,855 - INFO - 1081. КТИ ЮРГПУ
2025-04-02 03:11:33,079 - INFO - 1082. СЭГИ КФУ им. В.И. Вернадского
2025-04-02 03:13:04,015 - INFO - 1083. ИПОМ КФУ им. В.И. Вернадского
2025-04-02 03:14:10,662 - INFO - 1084. ГПА КФУ им. В.И. Вернадского
2025-04-02 03:16:11,552 - INFO - 1085. ЕИСН КФУ им. В.И. Вернадского
2025-04-02 03:16:59,771 - INFO - 1086. Филиал АГУ в г. Белореченске
2025-04-02 03:17:48,311 - INFO - 1087. Филиал ГМУ им. адм. Ф.Ф. Ушакова в г. Севастополь
2025-04-02 03:18:06,710 - INFO - 1088. ИВТ им. Г. Я. Седова
2025-04-02 03:18:37,369 - INFO - 1089. Филиал ГГПИ им. Короленко в г. Ижевске
2025-04-02 03:19:08,114 - INFO - 1090. Дагестанский филиал РГПУ
2025-04-02 03:19:38,396 - INFO - 1091. Балахнинский филиал ННГУ им. Лобачевского
2025-04-02 03:20:03,415 - INFO - 1092. Оренбургский филиал ПГУТИ
2025-04-02 03:20:28,283 - INFO - 1093. Алатырский филиал ЧувГУ
2025-04-02 03:20:53,844 - INFO - 1094. Балаковский филиал СГЮА
2025-04-02 03:21:12,410 - INFO - 1095. БИ СГУ им. Чернышевского
2025-04-02 03:22:20,173 - INFO - 1096. МГТУ в пос. Яблоновском
2025-04-02 03:23:02,779 - INFO - 1097. Ачинский филиал КрасГАУ
2025-04-02 03:23:51,622 - INFO - 1098. МПТИ (филиал) СВФУ
2025-04-02 03:24:52,183 - INFO - 1099. ПМФИ – филиал ВолгГМУ
2025-04-02 03:25:34,771 - INFO - 1100. Филиал МГТУ им. Носова в г. Белорецк
2025-04-02 03:26:11,469 - INFO - 1101. Гудермесский филиал ИФиП
2025-04-02 03:26:36,101 - INFO - 1102. ЮТИ ТПУ
2025-04-02 03:27:24,894 - INFO - 1103. ИФиП
2025-04-02 03:27:44,199 - INFO - 1104. ЗабАИ ИрГАУ
2025-04-02 03:29:09,331 - INFO - 1105. ПССИ
2025-04-02 03:29:34,445 - INFO - 1106. НЮИ (ф) ТГУ
2025-04-02 03:30:29,143 - INFO - 1107. Инзенский филиал УлГУ
2025-04-02 03:30:41,817 - INFO - 1108. Сызранский филиал СГЭУ
2025-04-02 03:31:07,259 - INFO - 1109. МГИМО-Одинцово
2025-04-02 03:32:55,973 - INFO - 1110. ХМГМА
2025-04-02 03:33:09,082 - INFO - 1111. ТУ УГМК
2025-04-02 03:34:16,125 - INFO - 1112. ВФ ВолГУ
2025-04-02 03:35:11,091 - INFO - 1113. СПбМСИ
2025-04-02 03:35:29,854 - INFO - 1114. ИУБиП в г. Пятигорск
2025-04-02 03:36:30,498 - INFO - 1115. ВИУ
2025-04-02 03:37:37,093 - INFO - 1116. ИДНК
2025-04-02 03:38:49,594 - INFO - 1117. АНО ВО "Университет Иннополис"
2025-04-02 03:40:20,641 - INFO - 1118. КИУ
2025-04-02 03:41:03,166 - INFO - 1119. Каменский филиал РосНОУ
2025-04-02 03:41:27,781 - INFO - 1120. ЗАУ
2025-04-02 03:42:10,517 - INFO - 1121. Казанский филиал АТиСО
2025-04-02 03:42:40,883 - INFO - 1122. Саратовская православная духовная семинария
2025-04-02 03:42:59,775 - INFO - 1123. Оренбургский филиал АТиСО
2025-04-02 03:43:30,593 - INFO - 1124. Курганский филиал АТиСО
2025-04-02 03:44:13,016 - INFO - 1125. Оренбургская духовная семинария
2025-04-02 03:44:31,913 - INFO - 1126. УрСЭИ (АТиСО)
2025-04-02 03:45:20,456 - INFO - 1127. Красноярский филиал АТиСО
2025-04-02 03:45:45,278 - INFO - 1128. ЯЭПИ АТиСО
2025-04-02 03:46:03,459 - INFO - 1129. Пензенская духовная семинария
2025-04-02 03:46:22,069 - INFO - 1130. Воронежская духовная семинария
2025-04-02 03:46:40,830 - INFO - 1131. Калужская духовная семинария
2025-04-02 03:47:00,878 - INFO - 1132. Коломенская духовная семинария
2025-04-02 03:47:19,261 - INFO - 1133. Екатеринбургская духовная семинария
2025-04-02 03:47:38,079 - INFO - 1134. Новосибирская православная духовная семинария
2025-04-02 03:47:54,064 - INFO - 1135. СГЛА
2025-04-02 03:48:48,521 - INFO - 1136. ИЭУП
2025-04-02 03:49:36,992 - INFO - 1137. МИЮ
2025-04-02 03:50:02,464 - INFO - 1138. Сколтех
2025-04-02 03:51:21,380 - INFO - 1139. НИТИ
2025-04-02 03:51:40,127 - INFO - 1140. Институт управления
2025-04-02 03:52:28,920 - INFO - 1141. Ивановский филиал ИУ
2025-04-02 03:52:59,687 - INFO - 1142. СГТИ
2025-04-02 03:53:54,223 - INFO - 1143. ИУБТ
2025-04-02 03:54:48,764 - INFO - 1144. Мэбик
2025-04-02 03:56:31,378 - INFO - 1145. ЯВВУПВО
2025-04-02 03:56:50,129 - INFO - 1146. Клинский филиал ИГА
2025-04-02 03:57:14,920 - INFO - 1147. БИА
2025-04-02 03:57:27,871 - INFO - 1148. ВУиТ
2025-04-02 03:58:29,060 - INFO - 1149. БПДС
2025-04-02 03:58:48,369 - INFO - 1150. Перервинская Духовная семинария
2025-04-02 03:59:01,207 - INFO - 1151. ОЦАД им. Кирилла и Мефодия
2025-04-02 03:59:43,845 - INFO - 1152. БИХРД ВШНИ
2025-04-02 04:00:02,791 - INFO - 1153. Тамбовская духовная семинария
2025-04-02 04:00:15,441 - INFO - 1154. Казанская православная духовная семинария
2025-04-02 04:00:40,174 - INFO - 1155. Поволжская академия Святителя Алексия
2025-04-02 04:03:05,315 - INFO - 1156. «Реавиз» в г. Саратов
2025-04-02 04:03:41,960 - INFO - 1158. УЭУ
2025-04-02 04:05:18,566 - INFO - 1159. ИЭиП
2025-04-02 04:05:55,169 - INFO - 1160. Омская духовная семинария
2025-04-02 04:06:13,837 - INFO - 1161. Барнаульская духовная семинария
2025-04-02 04:06:26,805 - INFO - 1162. Миссионерский институт
2025-04-02 04:06:40,063 - INFO - 1163. Филиал РГИСИ в г. Кемерово
2025-04-02 04:07:36,259 - INFO - 1164. Омский филиал РАНХиГС
2025-04-02 04:07:49,088 - INFO - 1165. ВМА (ВМедА) им. С. М. Кирова
2025-04-02 04:08:19,994 - INFO - 1166. ВШКУ РАНХиГС
2025-04-02 04:09:33,065 - INFO - 1167. ПВШИС РГАИС
2025-04-02 04:10:10,048 - INFO - 1168. Военная академия РХБЗ
2025-04-02 04:10:28,968 - INFO - 1169. Филиал РГСУ в г. Минске
2025-04-02 04:11:11,706 - INFO - 1170. Филиал РГСУ в г. Ош Киргизской Республики
2025-04-02 04:12:18,786 - INFO - 1171. ЦУ
2025-04-02 04:12:47,562 - INFO - 1172. ИСиР ЮФУ
2025-04-02 04:13:55,754 - INFO - 1173. РНЦХ им. акад. Б.В. Петровского
2025-04-02 04:14:08,913 - INFO - 1174. МГИМО-МЕД
2025-04-02 04:14:21,603 - INFO - 1175. ЭФ и ИМЭБ РУДН Им. Патриса Лумумбы
2025-04-02 04:18:11,510 - INFO - 1176. СибПСА ГПС МЧС России
2025-04-02 04:19:00,128 - INFO - 1177. ФИПС
2025-04-02 04:19:13,473 - INFO - 1178. НКЦ им. Башларова
2025-04-02 04:19:38,594 - INFO - 1179. УП РФ
2025-04-02 04:19:51,075 - INFO - 1180. МИТРО
2025-04-02 04:20:22,774 - INFO - 1181. СПбАУ РАН
2025-04-02 04:21:06,312 - INFO - 1182. ВМИ им. Кузнецова
2025-04-02 04:21:18,937 - INFO - 1183. Росдистант
2025-04-02 04:24:27,224 - INFO - 1184. Филиал РГПУ в Выборге
2025-04-02 04:25:09,974 - INFO - 1185. Филиал РГПУ в Волхове
2025-04-02 04:25:46,922 - INFO - 1186. Филиал ВМА в Калининграде
2025-04-02 04:26:12,505 - INFO - 1187. АСОУ
2025-04-02 04:27:38,738 - INFO - 1188. ИФ ГУАП
2025-04-02 04:28:15,715 - INFO - 1189. МИТУ
2025-04-02 04:39:47,901 - INFO - 1190. ОВГШ
2025-04-02 04:40:48,514 - INFO - 1191. Пермский филиал ИДК
2025-04-02 04:41:07,416 - INFO - 1192. Рязанский филиал ИДК
2025-04-02 04:42:14,582 - INFO - 1193. ТШТ
2025-04-02 04:42:27,313 - INFO - 1194. СОГПИ
2025-04-02 04:43:16,588 - INFO - 1195. Филиал АлтГУ в г. Белокурихе
2025-04-02 04:43:42,498 - INFO - 1196. Филиал МГУ в г. Сарове
2025-04-02 04:44:19,563 - INFO - 1197. ЕУСПб
2025-04-02 04:45:32,295 - INFO - 1198. Синергия г. Омск
2025-04-02 04:46:14,983 - INFO - 1199. Кузбасская православная духовная семинария
2025-04-02 04:46:28,137 - INFO - 1200. ИГА г. Якутск
2025-04-02 04:47:29,942 - INFO - 1201. НВПИ НИЯУ МИФИ
2025-04-02 04:47:38,642 - INFO - 1202. Благодать
2025-04-02 04:47:46,898 - INFO - Программа завершила выполнение
